A D/DICOMParser////
A D/Doxygen////
A D/EncodeString////
A D/LastConfigureStep////
A D/MaterialLibrary////
A D/MetaIO////
A D/OutputWindowProcess////
A D/ParseOGLExt////
A D/Release////
A D/Rpm////
A D/TclTk////
A D/Upgrading////
A D/expat////
A D/freerange////
A D/freetype////
A D/ftgl////
A D/gl2ps////
A D/jpeg////
A D/kwsys////
A D/png////
A D/tiff////
A D/verdict////
A D/vtkTclTest2Py////
A D/vtkexodus2////
A D/vtkexpat////
A D/vtkfreetype////
A D/vtkjpeg////
A D/vtklibxml2////
A D/vtkmetaio////
A D/vtkmpeg2encode////
A D/vtknetcdf////
A D/vtkpng////
A D/vtksqlite////
A D/vtktiff////
A D/vtkzlib////
A D/zlib////
R D/zlib////
R D/vtkmpeg2encode////
R D/tiff////
R D/png////
R D/jpeg////
R D/freetype////
R D/expat////
R D/MetaIO////
