*** Installation started 2008/08/27 15:32 ***
Source: C:\downloads\python\scipy-0.6.0.win32-py2.5.exe
999 Root Key: HKEY_LOCAL_MACHINE
020 Reg DB Key: [Software\Microsoft\Windows\CurrentVersion\Uninstall]scipy-py2.5
040 Reg DB Value: [Software\Microsoft\Windows\CurrentVersion\Uninstall\scipy-py2.5]DisplayName=Python 2.5 scipy-0.6.0
040 Reg DB Value: [Software\Microsoft\Windows\CurrentVersion\Uninstall\scipy-py2.5]UninstallString="C:\Python25\Removescipy.exe" -u "C:\Python25\scipy-wininst.log"
200 File Copy: C:\Python25\Lib\site-packages\scipy-0.6.0-py2.5.egg-info
100 Made Dir: C:\Python25\Lib\site-packages\scipy
200 File Copy: C:\Python25\Lib\site-packages\scipy\DEVELOPERS.txt
200 File Copy: C:\Python25\Lib\site-packages\scipy\FORMAT_GUIDELINES.txt
200 File Copy: C:\Python25\Lib\site-packages\scipy\INSTALL.txt
200 File Copy: C:\Python25\Lib\site-packages\scipy\LATEST.txt
200 File Copy: C:\Python25\Lib\site-packages\scipy\LICENSE.txt
200 File Copy: C:\Python25\Lib\site-packages\scipy\setup.py
200 File Copy: C:\Python25\Lib\site-packages\scipy\THANKS.txt
200 File Copy: C:\Python25\Lib\site-packages\scipy\TOCHANGE.txt
200 File Copy: C:\Python25\Lib\site-packages\scipy\version.py
200 File Copy: C:\Python25\Lib\site-packages\scipy\__config__.py
200 File Copy: C:\Python25\Lib\site-packages\scipy\__init__.py
200 File Copy: C:\Python25\Lib\site-packages\scipy\__svn_version__.py
100 Made Dir: C:\Python25\Lib\site-packages\scipy\cluster
200 File Copy: C:\Python25\Lib\site-packages\scipy\cluster\info.py
200 File Copy: C:\Python25\Lib\site-packages\scipy\cluster\setup.py
200 File Copy: C:\Python25\Lib\site-packages\scipy\cluster\vq.py
200 File Copy: C:\Python25\Lib\site-packages\scipy\cluster\_vq.pyd
200 File Copy: C:\Python25\Lib\site-packages\scipy\cluster\__init__.py
100 Made Dir: C:\Python25\Lib\site-packages\scipy\cluster\tests
200 File Copy: C:\Python25\Lib\site-packages\scipy\cluster\tests\data.txt
200 File Copy: C:\Python25\Lib\site-packages\scipy\cluster\tests\test_vq.py
200 File Copy: C:\Python25\Lib\site-packages\scipy\cluster\tests\vq_test.py
100 Made Dir: C:\Python25\Lib\site-packages\scipy\fftpack
200 File Copy: C:\Python25\Lib\site-packages\scipy\fftpack\basic.py
200 File Copy: C:\Python25\Lib\site-packages\scipy\fftpack\convolve.pyd
200 File Copy: C:\Python25\Lib\site-packages\scipy\fftpack\fftpack_version.py
200 File Copy: C:\Python25\Lib\site-packages\scipy\fftpack\helper.py
200 File Copy: C:\Python25\Lib\site-packages\scipy\fftpack\info.py
200 File Copy: C:\Python25\Lib\site-packages\scipy\fftpack\pseudo_diffs.py
200 File Copy: C:\Python25\Lib\site-packages\scipy\fftpack\setup.py
200 File Copy: C:\Python25\Lib\site-packages\scipy\fftpack\_fftpack.pyd
200 File Copy: C:\Python25\Lib\site-packages\scipy\fftpack\__init__.py
100 Made Dir: C:\Python25\Lib\site-packages\scipy\fftpack\tests
200 File Copy: C:\Python25\Lib\site-packages\scipy\fftpack\tests\test_basic.py
200 File Copy: C:\Python25\Lib\site-packages\scipy\fftpack\tests\test_helper.py
200 File Copy: C:\Python25\Lib\site-packages\scipy\fftpack\tests\test_pseudo_diffs.py
100 Made Dir: C:\Python25\Lib\site-packages\scipy\integrate
200 File Copy: C:\Python25\Lib\site-packages\scipy\integrate\info.py
200 File Copy: C:\Python25\Lib\site-packages\scipy\integrate\ode.py
200 File Copy: C:\Python25\Lib\site-packages\scipy\integrate\odepack.py
200 File Copy: C:\Python25\Lib\site-packages\scipy\integrate\quadpack.py
200 File Copy: C:\Python25\Lib\site-packages\scipy\integrate\quadrature.py
200 File Copy: C:\Python25\Lib\site-packages\scipy\integrate\setup.py
200 File Copy: C:\Python25\Lib\site-packages\scipy\integrate\vode.pyd
200 File Copy: C:\Python25\Lib\site-packages\scipy\integrate\_odepack.pyd
200 File Copy: C:\Python25\Lib\site-packages\scipy\integrate\_quadpack.pyd
200 File Copy: C:\Python25\Lib\site-packages\scipy\integrate\__init__.py
100 Made Dir: C:\Python25\Lib\site-packages\scipy\integrate\tests
200 File Copy: C:\Python25\Lib\site-packages\scipy\integrate\tests\test_integrate.py
200 File Copy: C:\Python25\Lib\site-packages\scipy\integrate\tests\test_quadpack.py
200 File Copy: C:\Python25\Lib\site-packages\scipy\integrate\tests\test_quadrature.py
100 Made Dir: C:\Python25\Lib\site-packages\scipy\interpolate
200 File Copy: C:\Python25\Lib\site-packages\scipy\interpolate\dfitpack.pyd
200 File Copy: C:\Python25\Lib\site-packages\scipy\interpolate\fitpack.py
200 File Copy: C:\Python25\Lib\site-packages\scipy\interpolate\fitpack2.py
200 File Copy: C:\Python25\Lib\site-packages\scipy\interpolate\info.py
200 File Copy: C:\Python25\Lib\site-packages\scipy\interpolate\interpolate.py
200 File Copy: C:\Python25\Lib\site-packages\scipy\interpolate\setup.py
200 File Copy: C:\Python25\Lib\site-packages\scipy\interpolate\_fitpack.pyd
200 File Copy: C:\Python25\Lib\site-packages\scipy\interpolate\__init__.py
100 Made Dir: C:\Python25\Lib\site-packages\scipy\interpolate\tests
200 File Copy: C:\Python25\Lib\site-packages\scipy\interpolate\tests\demos_xplt.py
200 File Copy: C:\Python25\Lib\site-packages\scipy\interpolate\tests\test_fitpack.py
200 File Copy: C:\Python25\Lib\site-packages\scipy\interpolate\tests\test_interpolate.py
100 Made Dir: C:\Python25\Lib\site-packages\scipy\io
200 File Copy: C:\Python25\Lib\site-packages\scipy\io\array_import.py
200 File Copy: C:\Python25\Lib\site-packages\scipy\io\data_store.py
200 File Copy: C:\Python25\Lib\site-packages\scipy\io\dumbdbm_patched.py
200 File Copy: C:\Python25\Lib\site-packages\scipy\io\dumb_shelve.py
200 File Copy: C:\Python25\Lib\site-packages\scipy\io\fopen.py
200 File Copy: C:\Python25\Lib\site-packages\scipy\io\info.py
200 File Copy: C:\Python25\Lib\site-packages\scipy\io\mio.py
200 File Copy: C:\Python25\Lib\site-packages\scipy\io\mio4.py
200 File Copy: C:\Python25\Lib\site-packages\scipy\io\mio5.py
200 File Copy: C:\Python25\Lib\site-packages\scipy\io\miobase.py
200 File Copy: C:\Python25\Lib\site-packages\scipy\io\mmio.py
200 File Copy: C:\Python25\Lib\site-packages\scipy\io\netcdf.py
200 File Copy: C:\Python25\Lib\site-packages\scipy\io\npfile.py
200 File Copy: C:\Python25\Lib\site-packages\scipy\io\numpyio.pyd
200 File Copy: C:\Python25\Lib\site-packages\scipy\io\pickler.py
200 File Copy: C:\Python25\Lib\site-packages\scipy\io\recaster.py
200 File Copy: C:\Python25\Lib\site-packages\scipy\io\setup.py
200 File Copy: C:\Python25\Lib\site-packages\scipy\io\wavfile.py
200 File Copy: C:\Python25\Lib\site-packages\scipy\io\__init__.py
100 Made Dir: C:\Python25\Lib\site-packages\scipy\io\docs
200 File Copy: C:\Python25\Lib\site-packages\scipy\io\docs\numpyio.README
100 Made Dir: C:\Python25\Lib\site-packages\scipy\io\examples
200 File Copy: C:\Python25\Lib\site-packages\scipy\io\examples\read_array_demo1.py
200 File Copy: C:\Python25\Lib\site-packages\scipy\io\examples\test.txt
100 Made Dir: C:\Python25\Lib\site-packages\scipy\io\tests
200 File Copy: C:\Python25\Lib\site-packages\scipy\io\tests\gen_unittests.m
200 File Copy: C:\Python25\Lib\site-packages\scipy\io\tests\gen_unittests4.m
200 File Copy: C:\Python25\Lib\site-packages\scipy\io\tests\save_test.m
200 File Copy: C:\Python25\Lib\site-packages\scipy\io\tests\test_array_import.py
200 File Copy: C:\Python25\Lib\site-packages\scipy\io\tests\test_mio.py
200 File Copy: C:\Python25\Lib\site-packages\scipy\io\tests\test_mmio.py
200 File Copy: C:\Python25\Lib\site-packages\scipy\io\tests\test_npfile.py
200 File Copy: C:\Python25\Lib\site-packages\scipy\io\tests\test_recaster.py
100 Made Dir: C:\Python25\Lib\site-packages\scipy\io\tests\data
200 File Copy: C:\Python25\Lib\site-packages\scipy\io\tests\data\japanese_utf8.txt
200 File Copy: C:\Python25\Lib\site-packages\scipy\io\tests\data\test3dmatrix_6.1_SOL2.mat
200 File Copy: C:\Python25\Lib\site-packages\scipy\io\tests\data\test3dmatrix_6.5.1_GLNX86.mat
200 File Copy: C:\Python25\Lib\site-packages\scipy\io\tests\data\test3dmatrix_7.1_GLNX86.mat
200 File Copy: C:\Python25\Lib\site-packages\scipy\io\tests\data\testcellnest_6.1_SOL2.mat
200 File Copy: C:\Python25\Lib\site-packages\scipy\io\tests\data\testcellnest_6.5.1_GLNX86.mat
200 File Copy: C:\Python25\Lib\site-packages\scipy\io\tests\data\testcellnest_7.1_GLNX86.mat
200 File Copy: C:\Python25\Lib\site-packages\scipy\io\tests\data\testcell_6.1_SOL2.mat
200 File Copy: C:\Python25\Lib\site-packages\scipy\io\tests\data\testcell_6.5.1_GLNX86.mat
200 File Copy: C:\Python25\Lib\site-packages\scipy\io\tests\data\testcell_7.1_GLNX86.mat
200 File Copy: C:\Python25\Lib\site-packages\scipy\io\tests\data\testcomplex_4.2c_SOL2.mat
200 File Copy: C:\Python25\Lib\site-packages\scipy\io\tests\data\testcomplex_6.1_SOL2.mat
200 File Copy: C:\Python25\Lib\site-packages\scipy\io\tests\data\testcomplex_6.5.1_GLNX86.mat
200 File Copy: C:\Python25\Lib\site-packages\scipy\io\tests\data\testcomplex_7.1_GLNX86.mat
200 File Copy: C:\Python25\Lib\site-packages\scipy\io\tests\data\testdouble_4.2c_SOL2.mat
200 File Copy: C:\Python25\Lib\site-packages\scipy\io\tests\data\testdouble_6.1_SOL2.mat
200 File Copy: C:\Python25\Lib\site-packages\scipy\io\tests\data\testdouble_6.5.1_GLNX86.mat
200 File Copy: C:\Python25\Lib\site-packages\scipy\io\tests\data\testdouble_7.1_GLNX86.mat
200 File Copy: C:\Python25\Lib\site-packages\scipy\io\tests\data\testemptycell_5.3_SOL2.mat
200 File Copy: C:\Python25\Lib\site-packages\scipy\io\tests\data\testemptycell_6.5.1_GLNX86.mat
200 File Copy: C:\Python25\Lib\site-packages\scipy\io\tests\data\testemptycell_7.1_GLNX86.mat
200 File Copy: C:\Python25\Lib\site-packages\scipy\io\tests\data\testmatrix_4.2c_SOL2.mat
200 File Copy: C:\Python25\Lib\site-packages\scipy\io\tests\data\testmatrix_6.1_SOL2.mat
200 File Copy: C:\Python25\Lib\site-packages\scipy\io\tests\data\testmatrix_6.5.1_GLNX86.mat
200 File Copy: C:\Python25\Lib\site-packages\scipy\io\tests\data\testmatrix_7.1_GLNX86.mat
200 File Copy: C:\Python25\Lib\site-packages\scipy\io\tests\data\testminus_4.2c_SOL2.mat
200 File Copy: C:\Python25\Lib\site-packages\scipy\io\tests\data\testminus_6.1_SOL2.mat
200 File Copy: C:\Python25\Lib\site-packages\scipy\io\tests\data\testminus_6.5.1_GLNX86.mat
200 File Copy: C:\Python25\Lib\site-packages\scipy\io\tests\data\testminus_7.1_GLNX86.mat
200 File Copy: C:\Python25\Lib\site-packages\scipy\io\tests\data\testmulti_4.2c_SOL2.mat
200 File Copy: C:\Python25\Lib\site-packages\scipy\io\tests\data\testmulti_7.1_GLNX86.mat
200 File Copy: C:\Python25\Lib\site-packages\scipy\io\tests\data\testobject_6.1_SOL2.mat
200 File Copy: C:\Python25\Lib\site-packages\scipy\io\tests\data\testobject_6.5.1_GLNX86.mat
200 File Copy: C:\Python25\Lib\site-packages\scipy\io\tests\data\testobject_7.1_GLNX86.mat
200 File Copy: C:\Python25\Lib\site-packages\scipy\io\tests\data\testonechar_4.2c_SOL2.mat
200 File Copy: C:\Python25\Lib\site-packages\scipy\io\tests\data\testonechar_6.1_SOL2.mat
200 File Copy: C:\Python25\Lib\site-packages\scipy\io\tests\data\testonechar_6.5.1_GLNX86.mat
200 File Copy: C:\Python25\Lib\site-packages\scipy\io\tests\data\testonechar_7.1_GLNX86.mat
200 File Copy: C:\Python25\Lib\site-packages\scipy\io\tests\data\testsparsecomplex_4.2c_SOL2.mat
200 File Copy: C:\Python25\Lib\site-packages\scipy\io\tests\data\testsparsecomplex_6.1_SOL2.mat
200 File Copy: C:\Python25\Lib\site-packages\scipy\io\tests\data\testsparsecomplex_6.5.1_GLNX86.mat
200 File Copy: C:\Python25\Lib\site-packages\scipy\io\tests\data\testsparsecomplex_7.1_GLNX86.mat
200 File Copy: C:\Python25\Lib\site-packages\scipy\io\tests\data\testsparse_4.2c_SOL2.mat
200 File Copy: C:\Python25\Lib\site-packages\scipy\io\tests\data\testsparse_6.1_SOL2.mat
200 File Copy: C:\Python25\Lib\site-packages\scipy\io\tests\data\testsparse_6.5.1_GLNX86.mat
200 File Copy: C:\Python25\Lib\site-packages\scipy\io\tests\data\testsparse_7.1_GLNX86.mat
200 File Copy: C:\Python25\Lib\site-packages\scipy\io\tests\data\teststringarray_4.2c_SOL2.mat
200 File Copy: C:\Python25\Lib\site-packages\scipy\io\tests\data\teststringarray_6.1_SOL2.mat
200 File Copy: C:\Python25\Lib\site-packages\scipy\io\tests\data\teststringarray_6.5.1_GLNX86.mat
200 File Copy: C:\Python25\Lib\site-packages\scipy\io\tests\data\teststringarray_7.1_GLNX86.mat
200 File Copy: C:\Python25\Lib\site-packages\scipy\io\tests\data\teststring_4.2c_SOL2.mat
200 File Copy: C:\Python25\Lib\site-packages\scipy\io\tests\data\teststring_6.1_SOL2.mat
200 File Copy: C:\Python25\Lib\site-packages\scipy\io\tests\data\teststring_6.5.1_GLNX86.mat
200 File Copy: C:\Python25\Lib\site-packages\scipy\io\tests\data\teststring_7.1_GLNX86.mat
200 File Copy: C:\Python25\Lib\site-packages\scipy\io\tests\data\teststructarr_6.1_SOL2.mat
200 File Copy: C:\Python25\Lib\site-packages\scipy\io\tests\data\teststructarr_6.5.1_GLNX86.mat
200 File Copy: C:\Python25\Lib\site-packages\scipy\io\tests\data\teststructarr_7.1_GLNX86.mat
200 File Copy: C:\Python25\Lib\site-packages\scipy\io\tests\data\teststructnest_6.1_SOL2.mat
200 File Copy: C:\Python25\Lib\site-packages\scipy\io\tests\data\teststructnest_6.5.1_GLNX86.mat
200 File Copy: C:\Python25\Lib\site-packages\scipy\io\tests\data\teststructnest_7.1_GLNX86.mat
200 File Copy: C:\Python25\Lib\site-packages\scipy\io\tests\data\teststruct_6.1_SOL2.mat
200 File Copy: C:\Python25\Lib\site-packages\scipy\io\tests\data\teststruct_6.5.1_GLNX86.mat
200 File Copy: C:\Python25\Lib\site-packages\scipy\io\tests\data\teststruct_7.1_GLNX86.mat
200 File Copy: C:\Python25\Lib\site-packages\scipy\io\tests\data\testunicode_7.1_GLNX86.mat
200 File Copy: C:\Python25\Lib\site-packages\scipy\io\tests\data\testvec_4_GLNX86.mat
100 Made Dir: C:\Python25\Lib\site-packages\scipy\lib
200 File Copy: C:\Python25\Lib\site-packages\scipy\lib\info.py
200 File Copy: C:\Python25\Lib\site-packages\scipy\lib\setup.py
200 File Copy: C:\Python25\Lib\site-packages\scipy\lib\__init__.py
100 Made Dir: C:\Python25\Lib\site-packages\scipy\lib\blas
200 File Copy: C:\Python25\Lib\site-packages\scipy\lib\blas\cblas.pyd
200 File Copy: C:\Python25\Lib\site-packages\scipy\lib\blas\fblas.pyd
200 File Copy: C:\Python25\Lib\site-packages\scipy\lib\blas\info.py
200 File Copy: C:\Python25\Lib\site-packages\scipy\lib\blas\setup.py
200 File Copy: C:\Python25\Lib\site-packages\scipy\lib\blas\__init__.py
100 Made Dir: C:\Python25\Lib\site-packages\scipy\lib\blas\tests
200 File Copy: C:\Python25\Lib\site-packages\scipy\lib\blas\tests\test_blas.py
200 File Copy: C:\Python25\Lib\site-packages\scipy\lib\blas\tests\test_fblas.py
100 Made Dir: C:\Python25\Lib\site-packages\scipy\lib\lapack
200 File Copy: C:\Python25\Lib\site-packages\scipy\lib\lapack\atlas_version.pyd
200 File Copy: C:\Python25\Lib\site-packages\scipy\lib\lapack\calc_lwork.pyd
200 File Copy: C:\Python25\Lib\site-packages\scipy\lib\lapack\clapack.pyd
200 File Copy: C:\Python25\Lib\site-packages\scipy\lib\lapack\flapack.pyd
200 File Copy: C:\Python25\Lib\site-packages\scipy\lib\lapack\info.py
200 File Copy: C:\Python25\Lib\site-packages\scipy\lib\lapack\setup.py
200 File Copy: C:\Python25\Lib\site-packages\scipy\lib\lapack\__init__.py
100 Made Dir: C:\Python25\Lib\site-packages\scipy\lib\lapack\tests
200 File Copy: C:\Python25\Lib\site-packages\scipy\lib\lapack\tests\esv_tests.py
200 File Copy: C:\Python25\Lib\site-packages\scipy\lib\lapack\tests\gesv_tests.py
200 File Copy: C:\Python25\Lib\site-packages\scipy\lib\lapack\tests\test_lapack.py
100 Made Dir: C:\Python25\Lib\site-packages\scipy\linalg
200 File Copy: C:\Python25\Lib\site-packages\scipy\linalg\atlas_version.pyd
200 File Copy: C:\Python25\Lib\site-packages\scipy\linalg\basic.py
200 File Copy: C:\Python25\Lib\site-packages\scipy\linalg\blas.py
200 File Copy: C:\Python25\Lib\site-packages\scipy\linalg\calc_lwork.pyd
200 File Copy: C:\Python25\Lib\site-packages\scipy\linalg\cblas.pyd
200 File Copy: C:\Python25\Lib\site-packages\scipy\linalg\clapack.pyd
200 File Copy: C:\Python25\Lib\site-packages\scipy\linalg\decomp.py
200 File Copy: C:\Python25\Lib\site-packages\scipy\linalg\fblas.pyd
200 File Copy: C:\Python25\Lib\site-packages\scipy\linalg\flapack.pyd
200 File Copy: C:\Python25\Lib\site-packages\scipy\linalg\flinalg.py
200 File Copy: C:\Python25\Lib\site-packages\scipy\linalg\info.py
200 File Copy: C:\Python25\Lib\site-packages\scipy\linalg\interface_gen.py
200 File Copy: C:\Python25\Lib\site-packages\scipy\linalg\iterative.py
200 File Copy: C:\Python25\Lib\site-packages\scipy\linalg\lapack.py
200 File Copy: C:\Python25\Lib\site-packages\scipy\linalg\linalg_version.py
200 File Copy: C:\Python25\Lib\site-packages\scipy\linalg\matfuncs.py
200 File Copy: C:\Python25\Lib\site-packages\scipy\linalg\setup.py
200 File Copy: C:\Python25\Lib\site-packages\scipy\linalg\setup_atlas_version.py
200 File Copy: C:\Python25\Lib\site-packages\scipy\linalg\_flinalg.pyd
200 File Copy: C:\Python25\Lib\site-packages\scipy\linalg\_iterative.pyd
200 File Copy: C:\Python25\Lib\site-packages\scipy\linalg\__init__.py
100 Made Dir: C:\Python25\Lib\site-packages\scipy\linalg\tests
200 File Copy: C:\Python25\Lib\site-packages\scipy\linalg\tests\test_atlas_version.py
200 File Copy: C:\Python25\Lib\site-packages\scipy\linalg\tests\test_basic.py
200 File Copy: C:\Python25\Lib\site-packages\scipy\linalg\tests\test_blas.py
200 File Copy: C:\Python25\Lib\site-packages\scipy\linalg\tests\test_decomp.py
200 File Copy: C:\Python25\Lib\site-packages\scipy\linalg\tests\test_fblas.py
200 File Copy: C:\Python25\Lib\site-packages\scipy\linalg\tests\test_iterative.py
200 File Copy: C:\Python25\Lib\site-packages\scipy\linalg\tests\test_lapack.py
200 File Copy: C:\Python25\Lib\site-packages\scipy\linalg\tests\test_matfuncs.py
100 Made Dir: C:\Python25\Lib\site-packages\scipy\linsolve
200 File Copy: C:\Python25\Lib\site-packages\scipy\linsolve\info.py
200 File Copy: C:\Python25\Lib\site-packages\scipy\linsolve\linsolve.py
200 File Copy: C:\Python25\Lib\site-packages\scipy\linsolve\setup.py
200 File Copy: C:\Python25\Lib\site-packages\scipy\linsolve\_csuperlu.pyd
200 File Copy: C:\Python25\Lib\site-packages\scipy\linsolve\_dsuperlu.pyd
200 File Copy: C:\Python25\Lib\site-packages\scipy\linsolve\_ssuperlu.pyd
200 File Copy: C:\Python25\Lib\site-packages\scipy\linsolve\_superlu.py
200 File Copy: C:\Python25\Lib\site-packages\scipy\linsolve\_zsuperlu.pyd
200 File Copy: C:\Python25\Lib\site-packages\scipy\linsolve\__init__.py
100 Made Dir: C:\Python25\Lib\site-packages\scipy\linsolve\umfpack
200 File Copy: C:\Python25\Lib\site-packages\scipy\linsolve\umfpack\info.py
200 File Copy: C:\Python25\Lib\site-packages\scipy\linsolve\umfpack\setup.py
200 File Copy: C:\Python25\Lib\site-packages\scipy\linsolve\umfpack\umfpack.py
200 File Copy: C:\Python25\Lib\site-packages\scipy\linsolve\umfpack\__init__.py
100 Made Dir: C:\Python25\Lib\site-packages\scipy\linsolve\umfpack\tests
200 File Copy: C:\Python25\Lib\site-packages\scipy\linsolve\umfpack\tests\test_umfpack.py
200 File Copy: C:\Python25\Lib\site-packages\scipy\linsolve\umfpack\tests\try_umfpack.py
100 Made Dir: C:\Python25\Lib\site-packages\scipy\maxentropy
200 File Copy: C:\Python25\Lib\site-packages\scipy\maxentropy\info.py
200 File Copy: C:\Python25\Lib\site-packages\scipy\maxentropy\maxentropy.py
200 File Copy: C:\Python25\Lib\site-packages\scipy\maxentropy\maxentutils.py
200 File Copy: C:\Python25\Lib\site-packages\scipy\maxentropy\setup.py
200 File Copy: C:\Python25\Lib\site-packages\scipy\maxentropy\__init__.py
100 Made Dir: C:\Python25\Lib\site-packages\scipy\maxentropy\examples
200 File Copy: C:\Python25\Lib\site-packages\scipy\maxentropy\examples\bergerexample.py
200 File Copy: C:\Python25\Lib\site-packages\scipy\maxentropy\examples\bergerexamplesimulated.py
200 File Copy: C:\Python25\Lib\site-packages\scipy\maxentropy\examples\conditionalexample1.py
200 File Copy: C:\Python25\Lib\site-packages\scipy\maxentropy\examples\conditionalexample2.py
100 Made Dir: C:\Python25\Lib\site-packages\scipy\maxentropy\tests
200 File Copy: C:\Python25\Lib\site-packages\scipy\maxentropy\tests\test_maxentropy.py
100 Made Dir: C:\Python25\Lib\site-packages\scipy\misc
200 File Copy: C:\Python25\Lib\site-packages\scipy\misc\common.py
200 File Copy: C:\Python25\Lib\site-packages\scipy\misc\helpmod.py
200 File Copy: C:\Python25\Lib\site-packages\scipy\misc\info.py
200 File Copy: C:\Python25\Lib\site-packages\scipy\misc\lena.dat
200 File Copy: C:\Python25\Lib\site-packages\scipy\misc\limits.py
200 File Copy: C:\Python25\Lib\site-packages\scipy\misc\pexec.py
200 File Copy: C:\Python25\Lib\site-packages\scipy\misc\pilutil.py
200 File Copy: C:\Python25\Lib\site-packages\scipy\misc\ppimport.py
200 File Copy: C:\Python25\Lib\site-packages\scipy\misc\setup.py
200 File Copy: C:\Python25\Lib\site-packages\scipy\misc\__init__.py
100 Made Dir: C:\Python25\Lib\site-packages\scipy\misc\tests
200 File Copy: C:\Python25\Lib\site-packages\scipy\misc\tests\test_pilutil.py
100 Made Dir: C:\Python25\Lib\site-packages\scipy\misc\tests\data
200 File Copy: C:\Python25\Lib\site-packages\scipy\misc\tests\data\icon.png
200 File Copy: C:\Python25\Lib\site-packages\scipy\misc\tests\data\icon_mono.png
200 File Copy: C:\Python25\Lib\site-packages\scipy\misc\tests\data\icon_mono_flat.png
100 Made Dir: C:\Python25\Lib\site-packages\scipy\ndimage
200 File Copy: C:\Python25\Lib\site-packages\scipy\ndimage\filters.py
200 File Copy: C:\Python25\Lib\site-packages\scipy\ndimage\fourier.py
200 File Copy: C:\Python25\Lib\site-packages\scipy\ndimage\info.py
200 File Copy: C:\Python25\Lib\site-packages\scipy\ndimage\interpolation.py
200 File Copy: C:\Python25\Lib\site-packages\scipy\ndimage\measurements.py
200 File Copy: C:\Python25\Lib\site-packages\scipy\ndimage\morphology.py
200 File Copy: C:\Python25\Lib\site-packages\scipy\ndimage\setup.py
200 File Copy: C:\Python25\Lib\site-packages\scipy\ndimage\_nd_image.pyd
200 File Copy: C:\Python25\Lib\site-packages\scipy\ndimage\_ni_support.py
200 File Copy: C:\Python25\Lib\site-packages\scipy\ndimage\__init__.py
100 Made Dir: C:\Python25\Lib\site-packages\scipy\ndimage\tests
200 File Copy: C:\Python25\Lib\site-packages\scipy\ndimage\tests\test_ndimage.py
100 Made Dir: C:\Python25\Lib\site-packages\scipy\odr
200 File Copy: C:\Python25\Lib\site-packages\scipy\odr\info.py
200 File Copy: C:\Python25\Lib\site-packages\scipy\odr\models.py
200 File Copy: C:\Python25\Lib\site-packages\scipy\odr\odrpack.py
200 File Copy: C:\Python25\Lib\site-packages\scipy\odr\setup.py
200 File Copy: C:\Python25\Lib\site-packages\scipy\odr\__init__.py
200 File Copy: C:\Python25\Lib\site-packages\scipy\odr\__odrpack.pyd
100 Made Dir: C:\Python25\Lib\site-packages\scipy\odr\tests
200 File Copy: C:\Python25\Lib\site-packages\scipy\odr\tests\test_odr.py
100 Made Dir: C:\Python25\Lib\site-packages\scipy\optimize
200 File Copy: C:\Python25\Lib\site-packages\scipy\optimize\anneal.py
200 File Copy: C:\Python25\Lib\site-packages\scipy\optimize\cobyla.py
200 File Copy: C:\Python25\Lib\site-packages\scipy\optimize\info.py
200 File Copy: C:\Python25\Lib\site-packages\scipy\optimize\lbfgsb.py
200 File Copy: C:\Python25\Lib\site-packages\scipy\optimize\linesearch.py
200 File Copy: C:\Python25\Lib\site-packages\scipy\optimize\minpack.py
200 File Copy: C:\Python25\Lib\site-packages\scipy\optimize\minpack2.pyd
200 File Copy: C:\Python25\Lib\site-packages\scipy\optimize\moduleTNC.pyd
200 File Copy: C:\Python25\Lib\site-packages\scipy\optimize\nonlin.py
200 File Copy: C:\Python25\Lib\site-packages\scipy\optimize\optimize.py
200 File Copy: C:\Python25\Lib\site-packages\scipy\optimize\setup.py
200 File Copy: C:\Python25\Lib\site-packages\scipy\optimize\tnc.py
200 File Copy: C:\Python25\Lib\site-packages\scipy\optimize\zeros.py
200 File Copy: C:\Python25\Lib\site-packages\scipy\optimize\_cobyla.pyd
200 File Copy: C:\Python25\Lib\site-packages\scipy\optimize\_lbfgsb.pyd
200 File Copy: C:\Python25\Lib\site-packages\scipy\optimize\_minpack.pyd
200 File Copy: C:\Python25\Lib\site-packages\scipy\optimize\_zeros.pyd
200 File Copy: C:\Python25\Lib\site-packages\scipy\optimize\__init__.py
100 Made Dir: C:\Python25\Lib\site-packages\scipy\optimize\tests
200 File Copy: C:\Python25\Lib\site-packages\scipy\optimize\tests\test_cobyla.py
200 File Copy: C:\Python25\Lib\site-packages\scipy\optimize\tests\test_nonlin.py
200 File Copy: C:\Python25\Lib\site-packages\scipy\optimize\tests\test_optimize.py
200 File Copy: C:\Python25\Lib\site-packages\scipy\optimize\tests\test_zeros.py
100 Made Dir: C:\Python25\Lib\site-packages\scipy\sandbox
200 File Copy: C:\Python25\Lib\site-packages\scipy\sandbox\setup.py
200 File Copy: C:\Python25\Lib\site-packages\scipy\sandbox\__init__.py
100 Made Dir: C:\Python25\Lib\site-packages\scipy\signal
200 File Copy: C:\Python25\Lib\site-packages\scipy\signal\bsplines.py
200 File Copy: C:\Python25\Lib\site-packages\scipy\signal\filter_design.py
200 File Copy: C:\Python25\Lib\site-packages\scipy\signal\info.py
200 File Copy: C:\Python25\Lib\site-packages\scipy\signal\ltisys.py
200 File Copy: C:\Python25\Lib\site-packages\scipy\signal\setup.py
200 File Copy: C:\Python25\Lib\site-packages\scipy\signal\signaltools.py
200 File Copy: C:\Python25\Lib\site-packages\scipy\signal\sigtools.pyd
200 File Copy: C:\Python25\Lib\site-packages\scipy\signal\spline.pyd
200 File Copy: C:\Python25\Lib\site-packages\scipy\signal\waveforms.py
200 File Copy: C:\Python25\Lib\site-packages\scipy\signal\wavelets.py
200 File Copy: C:\Python25\Lib\site-packages\scipy\signal\__init__.py
100 Made Dir: C:\Python25\Lib\site-packages\scipy\signal\tests
200 File Copy: C:\Python25\Lib\site-packages\scipy\signal\tests\test_signaltools.py
200 File Copy: C:\Python25\Lib\site-packages\scipy\signal\tests\test_wavelets.py
100 Made Dir: C:\Python25\Lib\site-packages\scipy\sparse
200 File Copy: C:\Python25\Lib\site-packages\scipy\sparse\info.py
200 File Copy: C:\Python25\Lib\site-packages\scipy\sparse\setup.py
200 File Copy: C:\Python25\Lib\site-packages\scipy\sparse\sparse.py
200 File Copy: C:\Python25\Lib\site-packages\scipy\sparse\sparsetools.py
200 File Copy: C:\Python25\Lib\site-packages\scipy\sparse\_sparsetools.pyd
200 File Copy: C:\Python25\Lib\site-packages\scipy\sparse\__init__.py
100 Made Dir: C:\Python25\Lib\site-packages\scipy\sparse\tests
200 File Copy: C:\Python25\Lib\site-packages\scipy\sparse\tests\test_sparse.py
100 Made Dir: C:\Python25\Lib\site-packages\scipy\special
200 File Copy: C:\Python25\Lib\site-packages\scipy\special\basic.py
200 File Copy: C:\Python25\Lib\site-packages\scipy\special\gendoc.py
200 File Copy: C:\Python25\Lib\site-packages\scipy\special\info.py
200 File Copy: C:\Python25\Lib\site-packages\scipy\special\orthogonal.py
200 File Copy: C:\Python25\Lib\site-packages\scipy\special\setup.py
200 File Copy: C:\Python25\Lib\site-packages\scipy\special\specfun.pyd
200 File Copy: C:\Python25\Lib\site-packages\scipy\special\special_version.py
200 File Copy: C:\Python25\Lib\site-packages\scipy\special\spfun_stats.py
200 File Copy: C:\Python25\Lib\site-packages\scipy\special\_cephes.pyd
200 File Copy: C:\Python25\Lib\site-packages\scipy\special\__init__.py
100 Made Dir: C:\Python25\Lib\site-packages\scipy\special\tests
200 File Copy: C:\Python25\Lib\site-packages\scipy\special\tests\fncs_cep.dat
200 File Copy: C:\Python25\Lib\site-packages\scipy\special\tests\fncs_wof.dat
200 File Copy: C:\Python25\Lib\site-packages\scipy\special\tests\Makefile
200 File Copy: C:\Python25\Lib\site-packages\scipy\special\tests\Test.py
200 File Copy: C:\Python25\Lib\site-packages\scipy\special\tests\test_basic.py
200 File Copy: C:\Python25\Lib\site-packages\scipy\special\tests\test_spfun_stats.py
100 Made Dir: C:\Python25\Lib\site-packages\scipy\stats
200 File Copy: C:\Python25\Lib\site-packages\scipy\stats\distributions.py
200 File Copy: C:\Python25\Lib\site-packages\scipy\stats\futil.pyd
200 File Copy: C:\Python25\Lib\site-packages\scipy\stats\info.py
200 File Copy: C:\Python25\Lib\site-packages\scipy\stats\kde.py
200 File Copy: C:\Python25\Lib\site-packages\scipy\stats\morestats.py
200 File Copy: C:\Python25\Lib\site-packages\scipy\stats\mvn.pyd
200 File Copy: C:\Python25\Lib\site-packages\scipy\stats\rv.py
200 File Copy: C:\Python25\Lib\site-packages\scipy\stats\setup.py
200 File Copy: C:\Python25\Lib\site-packages\scipy\stats\statlib.pyd
200 File Copy: C:\Python25\Lib\site-packages\scipy\stats\stats.py
200 File Copy: C:\Python25\Lib\site-packages\scipy\stats\_support.py
200 File Copy: C:\Python25\Lib\site-packages\scipy\stats\__init__.py
100 Made Dir: C:\Python25\Lib\site-packages\scipy\stats\tests
200 File Copy: C:\Python25\Lib\site-packages\scipy\stats\tests\test_distributions.py
200 File Copy: C:\Python25\Lib\site-packages\scipy\stats\tests\test_morestats.py
200 File Copy: C:\Python25\Lib\site-packages\scipy\stats\tests\test_stats.py
100 Made Dir: C:\Python25\Lib\site-packages\scipy\stsci
200 File Copy: C:\Python25\Lib\site-packages\scipy\stsci\setup.py
200 File Copy: C:\Python25\Lib\site-packages\scipy\stsci\__init__.py
100 Made Dir: C:\Python25\Lib\site-packages\scipy\stsci\convolve
200 File Copy: C:\Python25\Lib\site-packages\scipy\stsci\convolve\Convolve.py
200 File Copy: C:\Python25\Lib\site-packages\scipy\stsci\convolve\iraf_frame.py
200 File Copy: C:\Python25\Lib\site-packages\scipy\stsci\convolve\lineshape.py
200 File Copy: C:\Python25\Lib\site-packages\scipy\stsci\convolve\_correlate.pyd
200 File Copy: C:\Python25\Lib\site-packages\scipy\stsci\convolve\_lineshape.pyd
200 File Copy: C:\Python25\Lib\site-packages\scipy\stsci\convolve\__init__.py
100 Made Dir: C:\Python25\Lib\site-packages\scipy\stsci\image
200 File Copy: C:\Python25\Lib\site-packages\scipy\stsci\image\combine.py
200 File Copy: C:\Python25\Lib\site-packages\scipy\stsci\image\_combine.pyd
200 File Copy: C:\Python25\Lib\site-packages\scipy\stsci\image\_image.py
200 File Copy: C:\Python25\Lib\site-packages\scipy\stsci\image\__init__.py
100 Made Dir: C:\Python25\Lib\site-packages\scipy\weave
200 File Copy: C:\Python25\Lib\site-packages\scipy\weave\accelerate_tools.py
200 File Copy: C:\Python25\Lib\site-packages\scipy\weave\ast_tools.py
200 File Copy: C:\Python25\Lib\site-packages\scipy\weave\base_info.py
200 File Copy: C:\Python25\Lib\site-packages\scipy\weave\base_spec.py
200 File Copy: C:\Python25\Lib\site-packages\scipy\weave\blitz_spec.py
200 File Copy: C:\Python25\Lib\site-packages\scipy\weave\blitz_tools.py
200 File Copy: C:\Python25\Lib\site-packages\scipy\weave\build_tools.py
200 File Copy: C:\Python25\Lib\site-packages\scipy\weave\bytecodecompiler.py
200 File Copy: C:\Python25\Lib\site-packages\scipy\weave\catalog.py
200 File Copy: C:\Python25\Lib\site-packages\scipy\weave\common_info.py
200 File Copy: C:\Python25\Lib\site-packages\scipy\weave\converters.py
200 File Copy: C:\Python25\Lib\site-packages\scipy\weave\cpp_namespace_spec.py
200 File Copy: C:\Python25\Lib\site-packages\scipy\weave\c_spec.py
200 File Copy: C:\Python25\Lib\site-packages\scipy\weave\dumbdbm_patched.py
200 File Copy: C:\Python25\Lib\site-packages\scipy\weave\dumb_shelve.py
200 File Copy: C:\Python25\Lib\site-packages\scipy\weave\ext_tools.py
200 File Copy: C:\Python25\Lib\site-packages\scipy\weave\info.py
200 File Copy: C:\Python25\Lib\site-packages\scipy\weave\inline_tools.py
200 File Copy: C:\Python25\Lib\site-packages\scipy\weave\platform_info.py
200 File Copy: C:\Python25\Lib\site-packages\scipy\weave\setup.py
200 File Copy: C:\Python25\Lib\site-packages\scipy\weave\size_check.py
200 File Copy: C:\Python25\Lib\site-packages\scipy\weave\slice_handler.py
200 File Copy: C:\Python25\Lib\site-packages\scipy\weave\standard_array_spec.py
200 File Copy: C:\Python25\Lib\site-packages\scipy\weave\swig2_spec.py
200 File Copy: C:\Python25\Lib\site-packages\scipy\weave\swigptr.py
200 File Copy: C:\Python25\Lib\site-packages\scipy\weave\swigptr2.py
200 File Copy: C:\Python25\Lib\site-packages\scipy\weave\vtk_spec.py
200 File Copy: C:\Python25\Lib\site-packages\scipy\weave\weave_version.py
200 File Copy: C:\Python25\Lib\site-packages\scipy\weave\wx_spec.py
200 File Copy: C:\Python25\Lib\site-packages\scipy\weave\__init__.py
100 Made Dir: C:\Python25\Lib\site-packages\scipy\weave\blitz
100 Made Dir: C:\Python25\Lib\site-packages\scipy\weave\blitz\blitz
200 File Copy: C:\Python25\Lib\site-packages\scipy\weave\blitz\blitz\applics.h
200 File Copy: C:\Python25\Lib\site-packages\scipy\weave\blitz\blitz\array-impl.h
200 File Copy: C:\Python25\Lib\site-packages\scipy\weave\blitz\blitz\array-old.h
200 File Copy: C:\Python25\Lib\site-packages\scipy\weave\blitz\blitz\array.h
200 File Copy: C:\Python25\Lib\site-packages\scipy\weave\blitz\blitz\bench.cc
200 File Copy: C:\Python25\Lib\site-packages\scipy\weave\blitz\blitz\bench.h
200 File Copy: C:\Python25\Lib\site-packages\scipy\weave\blitz\blitz\benchext.cc
200 File Copy: C:\Python25\Lib\site-packages\scipy\weave\blitz\blitz\benchext.h
200 File Copy: C:\Python25\Lib\site-packages\scipy\weave\blitz\blitz\blitz.h
200 File Copy: C:\Python25\Lib\site-packages\scipy\weave\blitz\blitz\bzconfig.h
200 File Copy: C:\Python25\Lib\site-packages\scipy\weave\blitz\blitz\bzdebug.h
200 File Copy: C:\Python25\Lib\site-packages\scipy\weave\blitz\blitz\compiler.h
200 File Copy: C:\Python25\Lib\site-packages\scipy\weave\blitz\blitz\config.h.in
200 File Copy: C:\Python25\Lib\site-packages\scipy\weave\blitz\blitz\etbase.h
200 File Copy: C:\Python25\Lib\site-packages\scipy\weave\blitz\blitz\extremum.h
200 File Copy: C:\Python25\Lib\site-packages\scipy\weave\blitz\blitz\funcs.h
200 File Copy: C:\Python25\Lib\site-packages\scipy\weave\blitz\blitz\indexexpr.h
200 File Copy: C:\Python25\Lib\site-packages\scipy\weave\blitz\blitz\limits-hack.h
200 File Copy: C:\Python25\Lib\site-packages\scipy\weave\blitz\blitz\listinit.h
200 File Copy: C:\Python25\Lib\site-packages\scipy\weave\blitz\blitz\Makefile.am
200 File Copy: C:\Python25\Lib\site-packages\scipy\weave\blitz\blitz\Makefile.in
200 File Copy: C:\Python25\Lib\site-packages\scipy\weave\blitz\blitz\matbops.h
200 File Copy: C:\Python25\Lib\site-packages\scipy\weave\blitz\blitz\matdiag.h
200 File Copy: C:\Python25\Lib\site-packages\scipy\weave\blitz\blitz\matexpr.h
200 File Copy: C:\Python25\Lib\site-packages\scipy\weave\blitz\blitz\matgen.h
200 File Copy: C:\Python25\Lib\site-packages\scipy\weave\blitz\blitz\mathf2.h
200 File Copy: C:\Python25\Lib\site-packages\scipy\weave\blitz\blitz\mathfunc.h
200 File Copy: C:\Python25\Lib\site-packages\scipy\weave\blitz\blitz\matltri.h
200 File Copy: C:\Python25\Lib\site-packages\scipy\weave\blitz\blitz\matref.h
200 File Copy: C:\Python25\Lib\site-packages\scipy\weave\blitz\blitz\matrix.cc
200 File Copy: C:\Python25\Lib\site-packages\scipy\weave\blitz\blitz\matrix.h
200 File Copy: C:\Python25\Lib\site-packages\scipy\weave\blitz\blitz\matsymm.h
200 File Copy: C:\Python25\Lib\site-packages\scipy\weave\blitz\blitz\mattoep.h
200 File Copy: C:\Python25\Lib\site-packages\scipy\weave\blitz\blitz\matuops.h
200 File Copy: C:\Python25\Lib\site-packages\scipy\weave\blitz\blitz\matutri.h
200 File Copy: C:\Python25\Lib\site-packages\scipy\weave\blitz\blitz\memblock.cc
200 File Copy: C:\Python25\Lib\site-packages\scipy\weave\blitz\blitz\memblock.h
200 File Copy: C:\Python25\Lib\site-packages\scipy\weave\blitz\blitz\minmax.h
200 File Copy: C:\Python25\Lib\site-packages\scipy\weave\blitz\blitz\mstruct.h
200 File Copy: C:\Python25\Lib\site-packages\scipy\weave\blitz\blitz\numinquire.h
200 File Copy: C:\Python25\Lib\site-packages\scipy\weave\blitz\blitz\numtrait.h
200 File Copy: C:\Python25\Lib\site-packages\scipy\weave\blitz\blitz\ops.h
200 File Copy: C:\Python25\Lib\site-packages\scipy\weave\blitz\blitz\prettyprint.h
200 File Copy: C:\Python25\Lib\site-packages\scipy\weave\blitz\blitz\promote-old.h
200 File Copy: C:\Python25\Lib\site-packages\scipy\weave\blitz\blitz\promote.h
200 File Copy: C:\Python25\Lib\site-packages\scipy\weave\blitz\blitz\rand-dunif.h
200 File Copy: C:\Python25\Lib\site-packages\scipy\weave\blitz\blitz\rand-mt.h
200 File Copy: C:\Python25\Lib\site-packages\scipy\weave\blitz\blitz\rand-normal.h
200 File Copy: C:\Python25\Lib\site-packages\scipy\weave\blitz\blitz\rand-tt800.h
200 File Copy: C:\Python25\Lib\site-packages\scipy\weave\blitz\blitz\rand-uniform.h
200 File Copy: C:\Python25\Lib\site-packages\scipy\weave\blitz\blitz\random.h
200 File Copy: C:\Python25\Lib\site-packages\scipy\weave\blitz\blitz\randref.h
200 File Copy: C:\Python25\Lib\site-packages\scipy\weave\blitz\blitz\range.h
200 File Copy: C:\Python25\Lib\site-packages\scipy\weave\blitz\blitz\README
200 File Copy: C:\Python25\Lib\site-packages\scipy\weave\blitz\blitz\reduce.h
200 File Copy: C:\Python25\Lib\site-packages\scipy\weave\blitz\blitz\shapecheck.h
200 File Copy: C:\Python25\Lib\site-packages\scipy\weave\blitz\blitz\tau.h
200 File Copy: C:\Python25\Lib\site-packages\scipy\weave\blitz\blitz\timer.h
200 File Copy: C:\Python25\Lib\site-packages\scipy\weave\blitz\blitz\tiny.h
200 File Copy: C:\Python25\Lib\site-packages\scipy\weave\blitz\blitz\tinymat.h
200 File Copy: C:\Python25\Lib\site-packages\scipy\weave\blitz\blitz\tinymatexpr.h
200 File Copy: C:\Python25\Lib\site-packages\scipy\weave\blitz\blitz\tinymatio.cc
200 File Copy: C:\Python25\Lib\site-packages\scipy\weave\blitz\blitz\tinyvec-et.h
200 File Copy: C:\Python25\Lib\site-packages\scipy\weave\blitz\blitz\tinyvec.cc
200 File Copy: C:\Python25\Lib\site-packages\scipy\weave\blitz\blitz\tinyvec.h
200 File Copy: C:\Python25\Lib\site-packages\scipy\weave\blitz\blitz\tinyvecio.cc
200 File Copy: C:\Python25\Lib\site-packages\scipy\weave\blitz\blitz\tinyveciter.h
200 File Copy: C:\Python25\Lib\site-packages\scipy\weave\blitz\blitz\traversal.cc
200 File Copy: C:\Python25\Lib\site-packages\scipy\weave\blitz\blitz\traversal.h
200 File Copy: C:\Python25\Lib\site-packages\scipy\weave\blitz\blitz\tuning.h
200 File Copy: C:\Python25\Lib\site-packages\scipy\weave\blitz\blitz\tvcross.h
200 File Copy: C:\Python25\Lib\site-packages\scipy\weave\blitz\blitz\tvecglobs.h
200 File Copy: C:\Python25\Lib\site-packages\scipy\weave\blitz\blitz\update.h
200 File Copy: C:\Python25\Lib\site-packages\scipy\weave\blitz\blitz\vecaccum.cc
200 File Copy: C:\Python25\Lib\site-packages\scipy\weave\blitz\blitz\vecall.cc
200 File Copy: C:\Python25\Lib\site-packages\scipy\weave\blitz\blitz\vecany.cc
200 File Copy: C:\Python25\Lib\site-packages\scipy\weave\blitz\blitz\vecbfn.cc
200 File Copy: C:\Python25\Lib\site-packages\scipy\weave\blitz\blitz\vecbops.cc
200 File Copy: C:\Python25\Lib\site-packages\scipy\weave\blitz\blitz\veccount.cc
200 File Copy: C:\Python25\Lib\site-packages\scipy\weave\blitz\blitz\vecdelta.cc
200 File Copy: C:\Python25\Lib\site-packages\scipy\weave\blitz\blitz\vecdot.cc
200 File Copy: C:\Python25\Lib\site-packages\scipy\weave\blitz\blitz\vecexpr.h
200 File Copy: C:\Python25\Lib\site-packages\scipy\weave\blitz\blitz\vecexprwrap.h
200 File Copy: C:\Python25\Lib\site-packages\scipy\weave\blitz\blitz\vecglobs.cc
200 File Copy: C:\Python25\Lib\site-packages\scipy\weave\blitz\blitz\vecglobs.h
200 File Copy: C:\Python25\Lib\site-packages\scipy\weave\blitz\blitz\vecio.cc
200 File Copy: C:\Python25\Lib\site-packages\scipy\weave\blitz\blitz\veciter.h
200 File Copy: C:\Python25\Lib\site-packages\scipy\weave\blitz\blitz\vecmax.cc
200 File Copy: C:\Python25\Lib\site-packages\scipy\weave\blitz\blitz\vecmin.cc
200 File Copy: C:\Python25\Lib\site-packages\scipy\weave\blitz\blitz\vecnorm.cc
200 File Copy: C:\Python25\Lib\site-packages\scipy\weave\blitz\blitz\vecnorm1.cc
200 File Copy: C:\Python25\Lib\site-packages\scipy\weave\blitz\blitz\vecpick.cc
200 File Copy: C:\Python25\Lib\site-packages\scipy\weave\blitz\blitz\vecpick.h
200 File Copy: C:\Python25\Lib\site-packages\scipy\weave\blitz\blitz\vecpickio.cc
200 File Copy: C:\Python25\Lib\site-packages\scipy\weave\blitz\blitz\vecpickiter.h
200 File Copy: C:\Python25\Lib\site-packages\scipy\weave\blitz\blitz\vecsum.cc
200 File Copy: C:\Python25\Lib\site-packages\scipy\weave\blitz\blitz\vector-et.h
200 File Copy: C:\Python25\Lib\site-packages\scipy\weave\blitz\blitz\vector.cc
200 File Copy: C:\Python25\Lib\site-packages\scipy\weave\blitz\blitz\vector.h
200 File Copy: C:\Python25\Lib\site-packages\scipy\weave\blitz\blitz\vecuops.cc
200 File Copy: C:\Python25\Lib\site-packages\scipy\weave\blitz\blitz\vecwhere.cc
200 File Copy: C:\Python25\Lib\site-packages\scipy\weave\blitz\blitz\vecwhere.h
200 File Copy: C:\Python25\Lib\site-packages\scipy\weave\blitz\blitz\wrap-climits.h
200 File Copy: C:\Python25\Lib\site-packages\scipy\weave\blitz\blitz\zero.cc
200 File Copy: C:\Python25\Lib\site-packages\scipy\weave\blitz\blitz\zero.h
100 Made Dir: C:\Python25\Lib\site-packages\scipy\weave\blitz\blitz\array
200 File Copy: C:\Python25\Lib\site-packages\scipy\weave\blitz\blitz\array\asexpr.h
200 File Copy: C:\Python25\Lib\site-packages\scipy\weave\blitz\blitz\array\bops.cc
200 File Copy: C:\Python25\Lib\site-packages\scipy\weave\blitz\blitz\array\cartesian.h
200 File Copy: C:\Python25\Lib\site-packages\scipy\weave\blitz\blitz\array\cgsolve.h
200 File Copy: C:\Python25\Lib\site-packages\scipy\weave\blitz\blitz\array\complex.cc
200 File Copy: C:\Python25\Lib\site-packages\scipy\weave\blitz\blitz\array\convolve.cc
200 File Copy: C:\Python25\Lib\site-packages\scipy\weave\blitz\blitz\array\convolve.h
200 File Copy: C:\Python25\Lib\site-packages\scipy\weave\blitz\blitz\array\cycle.cc
200 File Copy: C:\Python25\Lib\site-packages\scipy\weave\blitz\blitz\array\domain.h
200 File Copy: C:\Python25\Lib\site-packages\scipy\weave\blitz\blitz\array\et.h
200 File Copy: C:\Python25\Lib\site-packages\scipy\weave\blitz\blitz\array\eval.cc
200 File Copy: C:\Python25\Lib\site-packages\scipy\weave\blitz\blitz\array\expr.h
200 File Copy: C:\Python25\Lib\site-packages\scipy\weave\blitz\blitz\array\fastiter.h
200 File Copy: C:\Python25\Lib\site-packages\scipy\weave\blitz\blitz\array\funcs.h
200 File Copy: C:\Python25\Lib\site-packages\scipy\weave\blitz\blitz\array\functorExpr.h
200 File Copy: C:\Python25\Lib\site-packages\scipy\weave\blitz\blitz\array\geometry.h
200 File Copy: C:\Python25\Lib\site-packages\scipy\weave\blitz\blitz\array\indirect.h
200 File Copy: C:\Python25\Lib\site-packages\scipy\weave\blitz\blitz\array\interlace.cc
200 File Copy: C:\Python25\Lib\site-packages\scipy\weave\blitz\blitz\array\io.cc
200 File Copy: C:\Python25\Lib\site-packages\scipy\weave\blitz\blitz\array\iter.h
200 File Copy: C:\Python25\Lib\site-packages\scipy\weave\blitz\blitz\array\Makefile.am
200 File Copy: C:\Python25\Lib\site-packages\scipy\weave\blitz\blitz\array\Makefile.in
200 File Copy: C:\Python25\Lib\site-packages\scipy\weave\blitz\blitz\array\map.h
200 File Copy: C:\Python25\Lib\site-packages\scipy\weave\blitz\blitz\array\methods.cc
200 File Copy: C:\Python25\Lib\site-packages\scipy\weave\blitz\blitz\array\misc.cc
200 File Copy: C:\Python25\Lib\site-packages\scipy\weave\blitz\blitz\array\multi.h
200 File Copy: C:\Python25\Lib\site-packages\scipy\weave\blitz\blitz\array\newbops.cc
200 File Copy: C:\Python25\Lib\site-packages\scipy\weave\blitz\blitz\array\newet-macros.h
200 File Copy: C:\Python25\Lib\site-packages\scipy\weave\blitz\blitz\array\newet.h
200 File Copy: C:\Python25\Lib\site-packages\scipy\weave\blitz\blitz\array\ops.cc
200 File Copy: C:\Python25\Lib\site-packages\scipy\weave\blitz\blitz\array\ops.h
200 File Copy: C:\Python25\Lib\site-packages\scipy\weave\blitz\blitz\array\reduce.cc
200 File Copy: C:\Python25\Lib\site-packages\scipy\weave\blitz\blitz\array\reduce.h
200 File Copy: C:\Python25\Lib\site-packages\scipy\weave\blitz\blitz\array\resize.cc
200 File Copy: C:\Python25\Lib\site-packages\scipy\weave\blitz\blitz\array\shape.h
200 File Copy: C:\Python25\Lib\site-packages\scipy\weave\blitz\blitz\array\slice.h
200 File Copy: C:\Python25\Lib\site-packages\scipy\weave\blitz\blitz\array\slicing.cc
200 File Copy: C:\Python25\Lib\site-packages\scipy\weave\blitz\blitz\array\stencil-et.h
200 File Copy: C:\Python25\Lib\site-packages\scipy\weave\blitz\blitz\array\stencil.cc
200 File Copy: C:\Python25\Lib\site-packages\scipy\weave\blitz\blitz\array\stencil.h
200 File Copy: C:\Python25\Lib\site-packages\scipy\weave\blitz\blitz\array\stencilops.h
200 File Copy: C:\Python25\Lib\site-packages\scipy\weave\blitz\blitz\array\stencils.cc
200 File Copy: C:\Python25\Lib\site-packages\scipy\weave\blitz\blitz\array\stencils.h
200 File Copy: C:\Python25\Lib\site-packages\scipy\weave\blitz\blitz\array\storage.h
200 File Copy: C:\Python25\Lib\site-packages\scipy\weave\blitz\blitz\array\uops.cc
200 File Copy: C:\Python25\Lib\site-packages\scipy\weave\blitz\blitz\array\where.h
200 File Copy: C:\Python25\Lib\site-packages\scipy\weave\blitz\blitz\array\zip.h
100 Made Dir: C:\Python25\Lib\site-packages\scipy\weave\blitz\blitz\generate
200 File Copy: C:\Python25\Lib\site-packages\scipy\weave\blitz\blitz\generate\arroperands.h
200 File Copy: C:\Python25\Lib\site-packages\scipy\weave\blitz\blitz\generate\arroptuple.h
200 File Copy: C:\Python25\Lib\site-packages\scipy\weave\blitz\blitz\generate\bzfstream.h
200 File Copy: C:\Python25\Lib\site-packages\scipy\weave\blitz\blitz\generate\genarrbops.cpp
200 File Copy: C:\Python25\Lib\site-packages\scipy\weave\blitz\blitz\generate\genarruops.cpp
200 File Copy: C:\Python25\Lib\site-packages\scipy\weave\blitz\blitz\generate\genmatbops.cpp
200 File Copy: C:\Python25\Lib\site-packages\scipy\weave\blitz\blitz\generate\genmathfunc.cpp
200 File Copy: C:\Python25\Lib\site-packages\scipy\weave\blitz\blitz\generate\genmatuops.cpp
200 File Copy: C:\Python25\Lib\site-packages\scipy\weave\blitz\blitz\generate\genpromote.cpp
200 File Copy: C:\Python25\Lib\site-packages\scipy\weave\blitz\blitz\generate\genvecbfn.cpp
200 File Copy: C:\Python25\Lib\site-packages\scipy\weave\blitz\blitz\generate\genvecbops.cpp
200 File Copy: C:\Python25\Lib\site-packages\scipy\weave\blitz\blitz\generate\genvecuops.cpp
200 File Copy: C:\Python25\Lib\site-packages\scipy\weave\blitz\blitz\generate\genvecwhere.cpp
200 File Copy: C:\Python25\Lib\site-packages\scipy\weave\blitz\blitz\generate\Makefile.am
200 File Copy: C:\Python25\Lib\site-packages\scipy\weave\blitz\blitz\generate\Makefile.in
200 File Copy: C:\Python25\Lib\site-packages\scipy\weave\blitz\blitz\generate\operands.h
200 File Copy: C:\Python25\Lib\site-packages\scipy\weave\blitz\blitz\generate\operands2.h
200 File Copy: C:\Python25\Lib\site-packages\scipy\weave\blitz\blitz\generate\optuple.h
200 File Copy: C:\Python25\Lib\site-packages\scipy\weave\blitz\blitz\generate\optuple2.h
100 Made Dir: C:\Python25\Lib\site-packages\scipy\weave\blitz\blitz\gnu
200 File Copy: C:\Python25\Lib\site-packages\scipy\weave\blitz\blitz\gnu\bzconfig.h
100 Made Dir: C:\Python25\Lib\site-packages\scipy\weave\blitz\blitz\meta
200 File Copy: C:\Python25\Lib\site-packages\scipy\weave\blitz\blitz\meta\dot.h
200 File Copy: C:\Python25\Lib\site-packages\scipy\weave\blitz\blitz\meta\Makefile.am
200 File Copy: C:\Python25\Lib\site-packages\scipy\weave\blitz\blitz\meta\Makefile.in
200 File Copy: C:\Python25\Lib\site-packages\scipy\weave\blitz\blitz\meta\matassign.h
200 File Copy: C:\Python25\Lib\site-packages\scipy\weave\blitz\blitz\meta\matmat.h
200 File Copy: C:\Python25\Lib\site-packages\scipy\weave\blitz\blitz\meta\matvec.h
200 File Copy: C:\Python25\Lib\site-packages\scipy\weave\blitz\blitz\meta\metaprog.h
200 File Copy: C:\Python25\Lib\site-packages\scipy\weave\blitz\blitz\meta\product.h
200 File Copy: C:\Python25\Lib\site-packages\scipy\weave\blitz\blitz\meta\sum.h
200 File Copy: C:\Python25\Lib\site-packages\scipy\weave\blitz\blitz\meta\vecassign.h
100 Made Dir: C:\Python25\Lib\site-packages\scipy\weave\doc
200 File Copy: C:\Python25\Lib\site-packages\scipy\weave\doc\tutorial.html
100 Made Dir: C:\Python25\Lib\site-packages\scipy\weave\examples
200 File Copy: C:\Python25\Lib\site-packages\scipy\weave\examples\array3d.py
200 File Copy: C:\Python25\Lib\site-packages\scipy\weave\examples\binary_search.py
200 File Copy: C:\Python25\Lib\site-packages\scipy\weave\examples\cast_copy_transpose.py
200 File Copy: C:\Python25\Lib\site-packages\scipy\weave\examples\dict_sort.py
200 File Copy: C:\Python25\Lib\site-packages\scipy\weave\examples\fibonacci.py
200 File Copy: C:\Python25\Lib\site-packages\scipy\weave\examples\functional.py
200 File Copy: C:\Python25\Lib\site-packages\scipy\weave\examples\increment_example.py
200 File Copy: C:\Python25\Lib\site-packages\scipy\weave\examples\md5_speed.py
200 File Copy: C:\Python25\Lib\site-packages\scipy\weave\examples\object.py
200 File Copy: C:\Python25\Lib\site-packages\scipy\weave\examples\print_example.py
200 File Copy: C:\Python25\Lib\site-packages\scipy\weave\examples\py_none.py
200 File Copy: C:\Python25\Lib\site-packages\scipy\weave\examples\ramp.c
200 File Copy: C:\Python25\Lib\site-packages\scipy\weave\examples\ramp.py
200 File Copy: C:\Python25\Lib\site-packages\scipy\weave\examples\ramp2.py
200 File Copy: C:\Python25\Lib\site-packages\scipy\weave\examples\support_code_example.py
200 File Copy: C:\Python25\Lib\site-packages\scipy\weave\examples\swig2_example.py
200 File Copy: C:\Python25\Lib\site-packages\scipy\weave\examples\swig2_ext.h
200 File Copy: C:\Python25\Lib\site-packages\scipy\weave\examples\swig2_ext.i
200 File Copy: C:\Python25\Lib\site-packages\scipy\weave\examples\tuple_return.py
200 File Copy: C:\Python25\Lib\site-packages\scipy\weave\examples\vq.py
200 File Copy: C:\Python25\Lib\site-packages\scipy\weave\examples\vtk_example.py
200 File Copy: C:\Python25\Lib\site-packages\scipy\weave\examples\wx_example.py
200 File Copy: C:\Python25\Lib\site-packages\scipy\weave\examples\wx_speed.py
100 Made Dir: C:\Python25\Lib\site-packages\scipy\weave\scxx
200 File Copy: C:\Python25\Lib\site-packages\scipy\weave\scxx\dict.h
200 File Copy: C:\Python25\Lib\site-packages\scipy\weave\scxx\list.h
200 File Copy: C:\Python25\Lib\site-packages\scipy\weave\scxx\notes.txt
200 File Copy: C:\Python25\Lib\site-packages\scipy\weave\scxx\number.h
200 File Copy: C:\Python25\Lib\site-packages\scipy\weave\scxx\object.h
200 File Copy: C:\Python25\Lib\site-packages\scipy\weave\scxx\README.txt
200 File Copy: C:\Python25\Lib\site-packages\scipy\weave\scxx\scxx.h
200 File Copy: C:\Python25\Lib\site-packages\scipy\weave\scxx\sequence.h
200 File Copy: C:\Python25\Lib\site-packages\scipy\weave\scxx\str.h
200 File Copy: C:\Python25\Lib\site-packages\scipy\weave\scxx\tuple.h
200 File Copy: C:\Python25\Lib\site-packages\scipy\weave\scxx\weave_imp.cpp
100 Made Dir: C:\Python25\Lib\site-packages\scipy\weave\tests
200 File Copy: C:\Python25\Lib\site-packages\scipy\weave\tests\scxx_timings.py
200 File Copy: C:\Python25\Lib\site-packages\scipy\weave\tests\test_ast_tools.py
200 File Copy: C:\Python25\Lib\site-packages\scipy\weave\tests\test_blitz_tools.py
200 File Copy: C:\Python25\Lib\site-packages\scipy\weave\tests\test_build_tools.py
200 File Copy: C:\Python25\Lib\site-packages\scipy\weave\tests\test_catalog.py
200 File Copy: C:\Python25\Lib\site-packages\scipy\weave\tests\test_c_spec.py
200 File Copy: C:\Python25\Lib\site-packages\scipy\weave\tests\test_ext_tools.py
200 File Copy: C:\Python25\Lib\site-packages\scipy\weave\tests\test_inline_tools.py
200 File Copy: C:\Python25\Lib\site-packages\scipy\weave\tests\test_scxx.py
200 File Copy: C:\Python25\Lib\site-packages\scipy\weave\tests\test_scxx_dict.py
200 File Copy: C:\Python25\Lib\site-packages\scipy\weave\tests\test_scxx_object.py
200 File Copy: C:\Python25\Lib\site-packages\scipy\weave\tests\test_scxx_sequence.py
200 File Copy: C:\Python25\Lib\site-packages\scipy\weave\tests\test_size_check.py
200 File Copy: C:\Python25\Lib\site-packages\scipy\weave\tests\test_slice_handler.py
200 File Copy: C:\Python25\Lib\site-packages\scipy\weave\tests\test_standard_array_spec.py
200 File Copy: C:\Python25\Lib\site-packages\scipy\weave\tests\test_wx_spec.py
200 File Copy: C:\Python25\Lib\site-packages\scipy\weave\tests\weave_test_utils.py
200 File Copy: C:\Python25\Lib\site-packages\scipy\weave\tests\weave_test_utils.pyc
200 File Copy: C:\Python25\Lib\site-packages\scipy\weave\tests\test_wx_spec.pyc
200 File Copy: C:\Python25\Lib\site-packages\scipy\weave\tests\test_standard_array_spec.pyc
200 File Copy: C:\Python25\Lib\site-packages\scipy\weave\tests\test_slice_handler.pyc
200 File Copy: C:\Python25\Lib\site-packages\scipy\weave\tests\test_size_check.pyc
200 File Copy: C:\Python25\Lib\site-packages\scipy\weave\tests\test_scxx_sequence.pyc
200 File Copy: C:\Python25\Lib\site-packages\scipy\weave\tests\test_scxx_object.pyc
200 File Copy: C:\Python25\Lib\site-packages\scipy\weave\tests\test_scxx_dict.pyc
200 File Copy: C:\Python25\Lib\site-packages\scipy\weave\tests\test_scxx.pyc
200 File Copy: C:\Python25\Lib\site-packages\scipy\weave\tests\test_inline_tools.pyc
200 File Copy: C:\Python25\Lib\site-packages\scipy\weave\tests\test_ext_tools.pyc
200 File Copy: C:\Python25\Lib\site-packages\scipy\weave\tests\test_c_spec.pyc
200 File Copy: C:\Python25\Lib\site-packages\scipy\weave\tests\test_catalog.pyc
200 File Copy: C:\Python25\Lib\site-packages\scipy\weave\tests\test_build_tools.pyc
200 File Copy: C:\Python25\Lib\site-packages\scipy\weave\tests\test_blitz_tools.pyc
200 File Copy: C:\Python25\Lib\site-packages\scipy\weave\tests\test_ast_tools.pyc
200 File Copy: C:\Python25\Lib\site-packages\scipy\weave\tests\scxx_timings.pyc
200 File Copy: C:\Python25\Lib\site-packages\scipy\weave\examples\wx_speed.pyc
200 File Copy: C:\Python25\Lib\site-packages\scipy\weave\examples\wx_example.pyc
200 File Copy: C:\Python25\Lib\site-packages\scipy\weave\examples\vtk_example.pyc
200 File Copy: C:\Python25\Lib\site-packages\scipy\weave\examples\vq.pyc
200 File Copy: C:\Python25\Lib\site-packages\scipy\weave\examples\tuple_return.pyc
200 File Copy: C:\Python25\Lib\site-packages\scipy\weave\examples\swig2_example.pyc
200 File Copy: C:\Python25\Lib\site-packages\scipy\weave\examples\support_code_example.pyc
200 File Copy: C:\Python25\Lib\site-packages\scipy\weave\examples\ramp2.pyc
200 File Copy: C:\Python25\Lib\site-packages\scipy\weave\examples\ramp.pyc
200 File Copy: C:\Python25\Lib\site-packages\scipy\weave\examples\py_none.pyc
200 File Copy: C:\Python25\Lib\site-packages\scipy\weave\examples\print_example.pyc
200 File Copy: C:\Python25\Lib\site-packages\scipy\weave\examples\object.pyc
200 File Copy: C:\Python25\Lib\site-packages\scipy\weave\examples\md5_speed.pyc
200 File Copy: C:\Python25\Lib\site-packages\scipy\weave\examples\increment_example.pyc
200 File Copy: C:\Python25\Lib\site-packages\scipy\weave\examples\functional.pyc
200 File Copy: C:\Python25\Lib\site-packages\scipy\weave\examples\fibonacci.pyc
200 File Copy: C:\Python25\Lib\site-packages\scipy\weave\examples\dict_sort.pyc
200 File Copy: C:\Python25\Lib\site-packages\scipy\weave\examples\cast_copy_transpose.pyc
200 File Copy: C:\Python25\Lib\site-packages\scipy\weave\examples\binary_search.pyc
200 File Copy: C:\Python25\Lib\site-packages\scipy\weave\examples\array3d.pyc
200 File Copy: C:\Python25\Lib\site-packages\scipy\weave\__init__.pyc
200 File Copy: C:\Python25\Lib\site-packages\scipy\weave\wx_spec.pyc
200 File Copy: C:\Python25\Lib\site-packages\scipy\weave\weave_version.pyc
200 File Copy: C:\Python25\Lib\site-packages\scipy\weave\vtk_spec.pyc
200 File Copy: C:\Python25\Lib\site-packages\scipy\weave\swigptr2.pyc
200 File Copy: C:\Python25\Lib\site-packages\scipy\weave\swigptr.pyc
200 File Copy: C:\Python25\Lib\site-packages\scipy\weave\swig2_spec.pyc
200 File Copy: C:\Python25\Lib\site-packages\scipy\weave\standard_array_spec.pyc
200 File Copy: C:\Python25\Lib\site-packages\scipy\weave\slice_handler.pyc
200 File Copy: C:\Python25\Lib\site-packages\scipy\weave\size_check.pyc
200 File Copy: C:\Python25\Lib\site-packages\scipy\weave\setup.pyc
200 File Copy: C:\Python25\Lib\site-packages\scipy\weave\platform_info.pyc
200 File Copy: C:\Python25\Lib\site-packages\scipy\weave\inline_tools.pyc
200 File Copy: C:\Python25\Lib\site-packages\scipy\weave\info.pyc
200 File Copy: C:\Python25\Lib\site-packages\scipy\weave\ext_tools.pyc
200 File Copy: C:\Python25\Lib\site-packages\scipy\weave\dumb_shelve.pyc
200 File Copy: C:\Python25\Lib\site-packages\scipy\weave\dumbdbm_patched.pyc
200 File Copy: C:\Python25\Lib\site-packages\scipy\weave\c_spec.pyc
200 File Copy: C:\Python25\Lib\site-packages\scipy\weave\cpp_namespace_spec.pyc
200 File Copy: C:\Python25\Lib\site-packages\scipy\weave\converters.pyc
200 File Copy: C:\Python25\Lib\site-packages\scipy\weave\common_info.pyc
200 File Copy: C:\Python25\Lib\site-packages\scipy\weave\catalog.pyc
200 File Copy: C:\Python25\Lib\site-packages\scipy\weave\bytecodecompiler.pyc
200 File Copy: C:\Python25\Lib\site-packages\scipy\weave\build_tools.pyc
200 File Copy: C:\Python25\Lib\site-packages\scipy\weave\blitz_tools.pyc
200 File Copy: C:\Python25\Lib\site-packages\scipy\weave\blitz_spec.pyc
200 File Copy: C:\Python25\Lib\site-packages\scipy\weave\base_spec.pyc
200 File Copy: C:\Python25\Lib\site-packages\scipy\weave\base_info.pyc
200 File Copy: C:\Python25\Lib\site-packages\scipy\weave\ast_tools.pyc
200 File Copy: C:\Python25\Lib\site-packages\scipy\weave\accelerate_tools.pyc
200 File Copy: C:\Python25\Lib\site-packages\scipy\stsci\image\__init__.pyc
200 File Copy: C:\Python25\Lib\site-packages\scipy\stsci\image\_image.pyc
200 File Copy: C:\Python25\Lib\site-packages\scipy\stsci\image\combine.pyc
200 File Copy: C:\Python25\Lib\site-packages\scipy\stsci\convolve\__init__.pyc
200 File Copy: C:\Python25\Lib\site-packages\scipy\stsci\convolve\lineshape.pyc
200 File Copy: C:\Python25\Lib\site-packages\scipy\stsci\convolve\iraf_frame.pyc
200 File Copy: C:\Python25\Lib\site-packages\scipy\stsci\convolve\Convolve.pyc
200 File Copy: C:\Python25\Lib\site-packages\scipy\stsci\__init__.pyc
200 File Copy: C:\Python25\Lib\site-packages\scipy\stsci\setup.pyc
200 File Copy: C:\Python25\Lib\site-packages\scipy\stats\tests\test_stats.pyc
200 File Copy: C:\Python25\Lib\site-packages\scipy\stats\tests\test_morestats.pyc
200 File Copy: C:\Python25\Lib\site-packages\scipy\stats\tests\test_distributions.pyc
200 File Copy: C:\Python25\Lib\site-packages\scipy\stats\__init__.pyc
200 File Copy: C:\Python25\Lib\site-packages\scipy\stats\_support.pyc
200 File Copy: C:\Python25\Lib\site-packages\scipy\stats\stats.pyc
200 File Copy: C:\Python25\Lib\site-packages\scipy\stats\setup.pyc
200 File Copy: C:\Python25\Lib\site-packages\scipy\stats\rv.pyc
200 File Copy: C:\Python25\Lib\site-packages\scipy\stats\morestats.pyc
200 File Copy: C:\Python25\Lib\site-packages\scipy\stats\kde.pyc
200 File Copy: C:\Python25\Lib\site-packages\scipy\stats\info.pyc
200 File Copy: C:\Python25\Lib\site-packages\scipy\stats\distributions.pyc
200 File Copy: C:\Python25\Lib\site-packages\scipy\special\tests\test_spfun_stats.pyc
200 File Copy: C:\Python25\Lib\site-packages\scipy\special\tests\test_basic.pyc
200 File Copy: C:\Python25\Lib\site-packages\scipy\special\tests\Test.pyc
200 File Copy: C:\Python25\Lib\site-packages\scipy\special\__init__.pyc
200 File Copy: C:\Python25\Lib\site-packages\scipy\special\spfun_stats.pyc
200 File Copy: C:\Python25\Lib\site-packages\scipy\special\special_version.pyc
200 File Copy: C:\Python25\Lib\site-packages\scipy\special\setup.pyc
200 File Copy: C:\Python25\Lib\site-packages\scipy\special\orthogonal.pyc
200 File Copy: C:\Python25\Lib\site-packages\scipy\special\info.pyc
200 File Copy: C:\Python25\Lib\site-packages\scipy\special\gendoc.pyc
200 File Copy: C:\Python25\Lib\site-packages\scipy\special\basic.pyc
200 File Copy: C:\Python25\Lib\site-packages\scipy\sparse\tests\test_sparse.pyc
200 File Copy: C:\Python25\Lib\site-packages\scipy\sparse\__init__.pyc
200 File Copy: C:\Python25\Lib\site-packages\scipy\sparse\sparsetools.pyc
200 File Copy: C:\Python25\Lib\site-packages\scipy\sparse\sparse.pyc
200 File Copy: C:\Python25\Lib\site-packages\scipy\sparse\setup.pyc
200 File Copy: C:\Python25\Lib\site-packages\scipy\sparse\info.pyc
200 File Copy: C:\Python25\Lib\site-packages\scipy\signal\tests\test_wavelets.pyc
200 File Copy: C:\Python25\Lib\site-packages\scipy\signal\tests\test_signaltools.pyc
200 File Copy: C:\Python25\Lib\site-packages\scipy\signal\__init__.pyc
200 File Copy: C:\Python25\Lib\site-packages\scipy\signal\wavelets.pyc
200 File Copy: C:\Python25\Lib\site-packages\scipy\signal\waveforms.pyc
200 File Copy: C:\Python25\Lib\site-packages\scipy\signal\signaltools.pyc
200 File Copy: C:\Python25\Lib\site-packages\scipy\signal\setup.pyc
200 File Copy: C:\Python25\Lib\site-packages\scipy\signal\ltisys.pyc
200 File Copy: C:\Python25\Lib\site-packages\scipy\signal\info.pyc
200 File Copy: C:\Python25\Lib\site-packages\scipy\signal\filter_design.pyc
200 File Copy: C:\Python25\Lib\site-packages\scipy\signal\bsplines.pyc
200 File Copy: C:\Python25\Lib\site-packages\scipy\sandbox\__init__.pyc
200 File Copy: C:\Python25\Lib\site-packages\scipy\sandbox\setup.pyc
200 File Copy: C:\Python25\Lib\site-packages\scipy\optimize\tests\test_zeros.pyc
200 File Copy: C:\Python25\Lib\site-packages\scipy\optimize\tests\test_optimize.pyc
200 File Copy: C:\Python25\Lib\site-packages\scipy\optimize\tests\test_nonlin.pyc
200 File Copy: C:\Python25\Lib\site-packages\scipy\optimize\tests\test_cobyla.pyc
200 File Copy: C:\Python25\Lib\site-packages\scipy\optimize\__init__.pyc
200 File Copy: C:\Python25\Lib\site-packages\scipy\optimize\zeros.pyc
200 File Copy: C:\Python25\Lib\site-packages\scipy\optimize\tnc.pyc
200 File Copy: C:\Python25\Lib\site-packages\scipy\optimize\setup.pyc
200 File Copy: C:\Python25\Lib\site-packages\scipy\optimize\optimize.pyc
200 File Copy: C:\Python25\Lib\site-packages\scipy\optimize\nonlin.pyc
200 File Copy: C:\Python25\Lib\site-packages\scipy\optimize\minpack.pyc
200 File Copy: C:\Python25\Lib\site-packages\scipy\optimize\linesearch.pyc
200 File Copy: C:\Python25\Lib\site-packages\scipy\optimize\lbfgsb.pyc
200 File Copy: C:\Python25\Lib\site-packages\scipy\optimize\info.pyc
200 File Copy: C:\Python25\Lib\site-packages\scipy\optimize\cobyla.pyc
200 File Copy: C:\Python25\Lib\site-packages\scipy\optimize\anneal.pyc
200 File Copy: C:\Python25\Lib\site-packages\scipy\odr\tests\test_odr.pyc
200 File Copy: C:\Python25\Lib\site-packages\scipy\odr\__init__.pyc
200 File Copy: C:\Python25\Lib\site-packages\scipy\odr\setup.pyc
200 File Copy: C:\Python25\Lib\site-packages\scipy\odr\odrpack.pyc
200 File Copy: C:\Python25\Lib\site-packages\scipy\odr\models.pyc
200 File Copy: C:\Python25\Lib\site-packages\scipy\odr\info.pyc
200 File Copy: C:\Python25\Lib\site-packages\scipy\ndimage\tests\test_ndimage.pyc
200 File Copy: C:\Python25\Lib\site-packages\scipy\ndimage\__init__.pyc
200 File Copy: C:\Python25\Lib\site-packages\scipy\ndimage\_ni_support.pyc
200 File Copy: C:\Python25\Lib\site-packages\scipy\ndimage\setup.pyc
200 File Copy: C:\Python25\Lib\site-packages\scipy\ndimage\morphology.pyc
200 File Copy: C:\Python25\Lib\site-packages\scipy\ndimage\measurements.pyc
200 File Copy: C:\Python25\Lib\site-packages\scipy\ndimage\interpolation.pyc
200 File Copy: C:\Python25\Lib\site-packages\scipy\ndimage\info.pyc
200 File Copy: C:\Python25\Lib\site-packages\scipy\ndimage\fourier.pyc
200 File Copy: C:\Python25\Lib\site-packages\scipy\ndimage\filters.pyc
200 File Copy: C:\Python25\Lib\site-packages\scipy\misc\tests\test_pilutil.pyc
200 File Copy: C:\Python25\Lib\site-packages\scipy\misc\__init__.pyc
200 File Copy: C:\Python25\Lib\site-packages\scipy\misc\setup.pyc
200 File Copy: C:\Python25\Lib\site-packages\scipy\misc\ppimport.pyc
200 File Copy: C:\Python25\Lib\site-packages\scipy\misc\pilutil.pyc
200 File Copy: C:\Python25\Lib\site-packages\scipy\misc\pexec.pyc
200 File Copy: C:\Python25\Lib\site-packages\scipy\misc\limits.pyc
200 File Copy: C:\Python25\Lib\site-packages\scipy\misc\info.pyc
200 File Copy: C:\Python25\Lib\site-packages\scipy\misc\helpmod.pyc
200 File Copy: C:\Python25\Lib\site-packages\scipy\misc\common.pyc
200 File Copy: C:\Python25\Lib\site-packages\scipy\maxentropy\tests\test_maxentropy.pyc
200 File Copy: C:\Python25\Lib\site-packages\scipy\maxentropy\examples\conditionalexample2.pyc
200 File Copy: C:\Python25\Lib\site-packages\scipy\maxentropy\examples\conditionalexample1.pyc
200 File Copy: C:\Python25\Lib\site-packages\scipy\maxentropy\examples\bergerexamplesimulated.pyc
200 File Copy: C:\Python25\Lib\site-packages\scipy\maxentropy\examples\bergerexample.pyc
200 File Copy: C:\Python25\Lib\site-packages\scipy\maxentropy\__init__.pyc
200 File Copy: C:\Python25\Lib\site-packages\scipy\maxentropy\setup.pyc
200 File Copy: C:\Python25\Lib\site-packages\scipy\maxentropy\maxentutils.pyc
200 File Copy: C:\Python25\Lib\site-packages\scipy\maxentropy\maxentropy.pyc
200 File Copy: C:\Python25\Lib\site-packages\scipy\maxentropy\info.pyc
200 File Copy: C:\Python25\Lib\site-packages\scipy\linsolve\umfpack\tests\try_umfpack.pyc
200 File Copy: C:\Python25\Lib\site-packages\scipy\linsolve\umfpack\tests\test_umfpack.pyc
200 File Copy: C:\Python25\Lib\site-packages\scipy\linsolve\umfpack\__init__.pyc
200 File Copy: C:\Python25\Lib\site-packages\scipy\linsolve\umfpack\umfpack.pyc
200 File Copy: C:\Python25\Lib\site-packages\scipy\linsolve\umfpack\setup.pyc
200 File Copy: C:\Python25\Lib\site-packages\scipy\linsolve\umfpack\info.pyc
200 File Copy: C:\Python25\Lib\site-packages\scipy\linsolve\__init__.pyc
200 File Copy: C:\Python25\Lib\site-packages\scipy\linsolve\_superlu.pyc
200 File Copy: C:\Python25\Lib\site-packages\scipy\linsolve\setup.pyc
200 File Copy: C:\Python25\Lib\site-packages\scipy\linsolve\linsolve.pyc
200 File Copy: C:\Python25\Lib\site-packages\scipy\linsolve\info.pyc
200 File Copy: C:\Python25\Lib\site-packages\scipy\linalg\tests\test_matfuncs.pyc
200 File Copy: C:\Python25\Lib\site-packages\scipy\linalg\tests\test_lapack.pyc
200 File Copy: C:\Python25\Lib\site-packages\scipy\linalg\tests\test_iterative.pyc
200 File Copy: C:\Python25\Lib\site-packages\scipy\linalg\tests\test_fblas.pyc
200 File Copy: C:\Python25\Lib\site-packages\scipy\linalg\tests\test_decomp.pyc
200 File Copy: C:\Python25\Lib\site-packages\scipy\linalg\tests\test_blas.pyc
200 File Copy: C:\Python25\Lib\site-packages\scipy\linalg\tests\test_basic.pyc
200 File Copy: C:\Python25\Lib\site-packages\scipy\linalg\tests\test_atlas_version.pyc
200 File Copy: C:\Python25\Lib\site-packages\scipy\linalg\__init__.pyc
200 File Copy: C:\Python25\Lib\site-packages\scipy\linalg\setup_atlas_version.pyc
200 File Copy: C:\Python25\Lib\site-packages\scipy\linalg\setup.pyc
200 File Copy: C:\Python25\Lib\site-packages\scipy\linalg\matfuncs.pyc
200 File Copy: C:\Python25\Lib\site-packages\scipy\linalg\linalg_version.pyc
200 File Copy: C:\Python25\Lib\site-packages\scipy\linalg\lapack.pyc
200 File Copy: C:\Python25\Lib\site-packages\scipy\linalg\iterative.pyc
200 File Copy: C:\Python25\Lib\site-packages\scipy\linalg\interface_gen.pyc
200 File Copy: C:\Python25\Lib\site-packages\scipy\linalg\info.pyc
200 File Copy: C:\Python25\Lib\site-packages\scipy\linalg\flinalg.pyc
200 File Copy: C:\Python25\Lib\site-packages\scipy\linalg\decomp.pyc
200 File Copy: C:\Python25\Lib\site-packages\scipy\linalg\blas.pyc
200 File Copy: C:\Python25\Lib\site-packages\scipy\linalg\basic.pyc
200 File Copy: C:\Python25\Lib\site-packages\scipy\lib\lapack\tests\test_lapack.pyc
200 File Copy: C:\Python25\Lib\site-packages\scipy\lib\lapack\tests\gesv_tests.pyc
200 File Copy: C:\Python25\Lib\site-packages\scipy\lib\lapack\tests\esv_tests.pyc
200 File Copy: C:\Python25\Lib\site-packages\scipy\lib\lapack\__init__.pyc
200 File Copy: C:\Python25\Lib\site-packages\scipy\lib\lapack\setup.pyc
200 File Copy: C:\Python25\Lib\site-packages\scipy\lib\lapack\info.pyc
200 File Copy: C:\Python25\Lib\site-packages\scipy\lib\blas\tests\test_fblas.pyc
200 File Copy: C:\Python25\Lib\site-packages\scipy\lib\blas\tests\test_blas.pyc
200 File Copy: C:\Python25\Lib\site-packages\scipy\lib\blas\__init__.pyc
200 File Copy: C:\Python25\Lib\site-packages\scipy\lib\blas\setup.pyc
200 File Copy: C:\Python25\Lib\site-packages\scipy\lib\blas\info.pyc
200 File Copy: C:\Python25\Lib\site-packages\scipy\lib\__init__.pyc
200 File Copy: C:\Python25\Lib\site-packages\scipy\lib\setup.pyc
200 File Copy: C:\Python25\Lib\site-packages\scipy\lib\info.pyc
200 File Copy: C:\Python25\Lib\site-packages\scipy\io\tests\test_recaster.pyc
200 File Copy: C:\Python25\Lib\site-packages\scipy\io\tests\test_npfile.pyc
200 File Copy: C:\Python25\Lib\site-packages\scipy\io\tests\test_mmio.pyc
200 File Copy: C:\Python25\Lib\site-packages\scipy\io\tests\test_mio.pyc
200 File Copy: C:\Python25\Lib\site-packages\scipy\io\tests\test_array_import.pyc
200 File Copy: C:\Python25\Lib\site-packages\scipy\io\examples\read_array_demo1.pyc
200 File Copy: C:\Python25\Lib\site-packages\scipy\io\__init__.pyc
200 File Copy: C:\Python25\Lib\site-packages\scipy\io\wavfile.pyc
200 File Copy: C:\Python25\Lib\site-packages\scipy\io\setup.pyc
200 File Copy: C:\Python25\Lib\site-packages\scipy\io\recaster.pyc
200 File Copy: C:\Python25\Lib\site-packages\scipy\io\pickler.pyc
200 File Copy: C:\Python25\Lib\site-packages\scipy\io\npfile.pyc
200 File Copy: C:\Python25\Lib\site-packages\scipy\io\netcdf.pyc
200 File Copy: C:\Python25\Lib\site-packages\scipy\io\mmio.pyc
200 File Copy: C:\Python25\Lib\site-packages\scipy\io\miobase.pyc
200 File Copy: C:\Python25\Lib\site-packages\scipy\io\mio5.pyc
200 File Copy: C:\Python25\Lib\site-packages\scipy\io\mio4.pyc
200 File Copy: C:\Python25\Lib\site-packages\scipy\io\mio.pyc
200 File Copy: C:\Python25\Lib\site-packages\scipy\io\info.pyc
200 File Copy: C:\Python25\Lib\site-packages\scipy\io\fopen.pyc
200 File Copy: C:\Python25\Lib\site-packages\scipy\io\dumb_shelve.pyc
200 File Copy: C:\Python25\Lib\site-packages\scipy\io\dumbdbm_patched.pyc
200 File Copy: C:\Python25\Lib\site-packages\scipy\io\data_store.pyc
200 File Copy: C:\Python25\Lib\site-packages\scipy\io\array_import.pyc
200 File Copy: C:\Python25\Lib\site-packages\scipy\interpolate\tests\test_interpolate.pyc
200 File Copy: C:\Python25\Lib\site-packages\scipy\interpolate\tests\test_fitpack.pyc
200 File Copy: C:\Python25\Lib\site-packages\scipy\interpolate\tests\demos_xplt.pyc
200 File Copy: C:\Python25\Lib\site-packages\scipy\interpolate\__init__.pyc
200 File Copy: C:\Python25\Lib\site-packages\scipy\interpolate\setup.pyc
200 File Copy: C:\Python25\Lib\site-packages\scipy\interpolate\interpolate.pyc
200 File Copy: C:\Python25\Lib\site-packages\scipy\interpolate\info.pyc
200 File Copy: C:\Python25\Lib\site-packages\scipy\interpolate\fitpack2.pyc
200 File Copy: C:\Python25\Lib\site-packages\scipy\interpolate\fitpack.pyc
200 File Copy: C:\Python25\Lib\site-packages\scipy\integrate\tests\test_quadrature.pyc
200 File Copy: C:\Python25\Lib\site-packages\scipy\integrate\tests\test_quadpack.pyc
200 File Copy: C:\Python25\Lib\site-packages\scipy\integrate\tests\test_integrate.pyc
200 File Copy: C:\Python25\Lib\site-packages\scipy\integrate\__init__.pyc
200 File Copy: C:\Python25\Lib\site-packages\scipy\integrate\setup.pyc
200 File Copy: C:\Python25\Lib\site-packages\scipy\integrate\quadrature.pyc
200 File Copy: C:\Python25\Lib\site-packages\scipy\integrate\quadpack.pyc
200 File Copy: C:\Python25\Lib\site-packages\scipy\integrate\odepack.pyc
200 File Copy: C:\Python25\Lib\site-packages\scipy\integrate\ode.pyc
200 File Copy: C:\Python25\Lib\site-packages\scipy\integrate\info.pyc
200 File Copy: C:\Python25\Lib\site-packages\scipy\fftpack\tests\test_pseudo_diffs.pyc
200 File Copy: C:\Python25\Lib\site-packages\scipy\fftpack\tests\test_helper.pyc
200 File Copy: C:\Python25\Lib\site-packages\scipy\fftpack\tests\test_basic.pyc
200 File Copy: C:\Python25\Lib\site-packages\scipy\fftpack\__init__.pyc
200 File Copy: C:\Python25\Lib\site-packages\scipy\fftpack\setup.pyc
200 File Copy: C:\Python25\Lib\site-packages\scipy\fftpack\pseudo_diffs.pyc
200 File Copy: C:\Python25\Lib\site-packages\scipy\fftpack\info.pyc
200 File Copy: C:\Python25\Lib\site-packages\scipy\fftpack\helper.pyc
200 File Copy: C:\Python25\Lib\site-packages\scipy\fftpack\fftpack_version.pyc
200 File Copy: C:\Python25\Lib\site-packages\scipy\fftpack\basic.pyc
200 File Copy: C:\Python25\Lib\site-packages\scipy\cluster\tests\vq_test.pyc
200 File Copy: C:\Python25\Lib\site-packages\scipy\cluster\tests\test_vq.pyc
200 File Copy: C:\Python25\Lib\site-packages\scipy\cluster\__init__.pyc
200 File Copy: C:\Python25\Lib\site-packages\scipy\cluster\vq.pyc
200 File Copy: C:\Python25\Lib\site-packages\scipy\cluster\setup.pyc
200 File Copy: C:\Python25\Lib\site-packages\scipy\cluster\info.pyc
200 File Copy: C:\Python25\Lib\site-packages\scipy\__svn_version__.pyc
200 File Copy: C:\Python25\Lib\site-packages\scipy\__init__.pyc
200 File Copy: C:\Python25\Lib\site-packages\scipy\__config__.pyc
200 File Copy: C:\Python25\Lib\site-packages\scipy\version.pyc
200 File Copy: C:\Python25\Lib\site-packages\scipy\setup.pyc
200 File Copy: C:\Python25\Lib\site-packages\scipy\weave\tests\weave_test_utils.pyo
200 File Copy: C:\Python25\Lib\site-packages\scipy\weave\tests\test_wx_spec.pyo
200 File Copy: C:\Python25\Lib\site-packages\scipy\weave\tests\test_standard_array_spec.pyo
200 File Copy: C:\Python25\Lib\site-packages\scipy\weave\tests\test_slice_handler.pyo
200 File Copy: C:\Python25\Lib\site-packages\scipy\weave\tests\test_size_check.pyo
200 File Copy: C:\Python25\Lib\site-packages\scipy\weave\tests\test_scxx_sequence.pyo
200 File Copy: C:\Python25\Lib\site-packages\scipy\weave\tests\test_scxx_object.pyo
200 File Copy: C:\Python25\Lib\site-packages\scipy\weave\tests\test_scxx_dict.pyo
200 File Copy: C:\Python25\Lib\site-packages\scipy\weave\tests\test_scxx.pyo
200 File Copy: C:\Python25\Lib\site-packages\scipy\weave\tests\test_inline_tools.pyo
200 File Copy: C:\Python25\Lib\site-packages\scipy\weave\tests\test_ext_tools.pyo
200 File Copy: C:\Python25\Lib\site-packages\scipy\weave\tests\test_c_spec.pyo
200 File Copy: C:\Python25\Lib\site-packages\scipy\weave\tests\test_catalog.pyo
200 File Copy: C:\Python25\Lib\site-packages\scipy\weave\tests\test_build_tools.pyo
200 File Copy: C:\Python25\Lib\site-packages\scipy\weave\tests\test_blitz_tools.pyo
200 File Copy: C:\Python25\Lib\site-packages\scipy\weave\tests\test_ast_tools.pyo
200 File Copy: C:\Python25\Lib\site-packages\scipy\weave\tests\scxx_timings.pyo
200 File Copy: C:\Python25\Lib\site-packages\scipy\weave\examples\wx_speed.pyo
200 File Copy: C:\Python25\Lib\site-packages\scipy\weave\examples\wx_example.pyo
200 File Copy: C:\Python25\Lib\site-packages\scipy\weave\examples\vtk_example.pyo
200 File Copy: C:\Python25\Lib\site-packages\scipy\weave\examples\vq.pyo
200 File Copy: C:\Python25\Lib\site-packages\scipy\weave\examples\tuple_return.pyo
200 File Copy: C:\Python25\Lib\site-packages\scipy\weave\examples\swig2_example.pyo
200 File Copy: C:\Python25\Lib\site-packages\scipy\weave\examples\support_code_example.pyo
200 File Copy: C:\Python25\Lib\site-packages\scipy\weave\examples\ramp2.pyo
200 File Copy: C:\Python25\Lib\site-packages\scipy\weave\examples\ramp.pyo
200 File Copy: C:\Python25\Lib\site-packages\scipy\weave\examples\py_none.pyo
200 File Copy: C:\Python25\Lib\site-packages\scipy\weave\examples\print_example.pyo
200 File Copy: C:\Python25\Lib\site-packages\scipy\weave\examples\object.pyo
200 File Copy: C:\Python25\Lib\site-packages\scipy\weave\examples\md5_speed.pyo
200 File Copy: C:\Python25\Lib\site-packages\scipy\weave\examples\increment_example.pyo
200 File Copy: C:\Python25\Lib\site-packages\scipy\weave\examples\functional.pyo
200 File Copy: C:\Python25\Lib\site-packages\scipy\weave\examples\fibonacci.pyo
200 File Copy: C:\Python25\Lib\site-packages\scipy\weave\examples\dict_sort.pyo
200 File Copy: C:\Python25\Lib\site-packages\scipy\weave\examples\cast_copy_transpose.pyo
200 File Copy: C:\Python25\Lib\site-packages\scipy\weave\examples\binary_search.pyo
200 File Copy: C:\Python25\Lib\site-packages\scipy\weave\examples\array3d.pyo
200 File Copy: C:\Python25\Lib\site-packages\scipy\weave\__init__.pyo
200 File Copy: C:\Python25\Lib\site-packages\scipy\weave\wx_spec.pyo
200 File Copy: C:\Python25\Lib\site-packages\scipy\weave\weave_version.pyo
200 File Copy: C:\Python25\Lib\site-packages\scipy\weave\vtk_spec.pyo
200 File Copy: C:\Python25\Lib\site-packages\scipy\weave\swigptr2.pyo
200 File Copy: C:\Python25\Lib\site-packages\scipy\weave\swigptr.pyo
200 File Copy: C:\Python25\Lib\site-packages\scipy\weave\swig2_spec.pyo
200 File Copy: C:\Python25\Lib\site-packages\scipy\weave\standard_array_spec.pyo
200 File Copy: C:\Python25\Lib\site-packages\scipy\weave\slice_handler.pyo
200 File Copy: C:\Python25\Lib\site-packages\scipy\weave\size_check.pyo
200 File Copy: C:\Python25\Lib\site-packages\scipy\weave\setup.pyo
200 File Copy: C:\Python25\Lib\site-packages\scipy\weave\platform_info.pyo
200 File Copy: C:\Python25\Lib\site-packages\scipy\weave\inline_tools.pyo
200 File Copy: C:\Python25\Lib\site-packages\scipy\weave\info.pyo
200 File Copy: C:\Python25\Lib\site-packages\scipy\weave\ext_tools.pyo
200 File Copy: C:\Python25\Lib\site-packages\scipy\weave\dumb_shelve.pyo
200 File Copy: C:\Python25\Lib\site-packages\scipy\weave\dumbdbm_patched.pyo
200 File Copy: C:\Python25\Lib\site-packages\scipy\weave\c_spec.pyo
200 File Copy: C:\Python25\Lib\site-packages\scipy\weave\cpp_namespace_spec.pyo
200 File Copy: C:\Python25\Lib\site-packages\scipy\weave\converters.pyo
200 File Copy: C:\Python25\Lib\site-packages\scipy\weave\common_info.pyo
200 File Copy: C:\Python25\Lib\site-packages\scipy\weave\catalog.pyo
200 File Copy: C:\Python25\Lib\site-packages\scipy\weave\bytecodecompiler.pyo
200 File Copy: C:\Python25\Lib\site-packages\scipy\weave\build_tools.pyo
200 File Copy: C:\Python25\Lib\site-packages\scipy\weave\blitz_tools.pyo
200 File Copy: C:\Python25\Lib\site-packages\scipy\weave\blitz_spec.pyo
200 File Copy: C:\Python25\Lib\site-packages\scipy\weave\base_spec.pyo
200 File Copy: C:\Python25\Lib\site-packages\scipy\weave\base_info.pyo
200 File Copy: C:\Python25\Lib\site-packages\scipy\weave\ast_tools.pyo
200 File Copy: C:\Python25\Lib\site-packages\scipy\weave\accelerate_tools.pyo
200 File Copy: C:\Python25\Lib\site-packages\scipy\stsci\image\__init__.pyo
200 File Copy: C:\Python25\Lib\site-packages\scipy\stsci\image\_image.pyo
200 File Copy: C:\Python25\Lib\site-packages\scipy\stsci\image\combine.pyo
200 File Copy: C:\Python25\Lib\site-packages\scipy\stsci\convolve\__init__.pyo
200 File Copy: C:\Python25\Lib\site-packages\scipy\stsci\convolve\lineshape.pyo
200 File Copy: C:\Python25\Lib\site-packages\scipy\stsci\convolve\iraf_frame.pyo
200 File Copy: C:\Python25\Lib\site-packages\scipy\stsci\convolve\Convolve.pyo
200 File Copy: C:\Python25\Lib\site-packages\scipy\stsci\__init__.pyo
200 File Copy: C:\Python25\Lib\site-packages\scipy\stsci\setup.pyo
200 File Copy: C:\Python25\Lib\site-packages\scipy\stats\tests\test_stats.pyo
200 File Copy: C:\Python25\Lib\site-packages\scipy\stats\tests\test_morestats.pyo
200 File Copy: C:\Python25\Lib\site-packages\scipy\stats\tests\test_distributions.pyo
200 File Copy: C:\Python25\Lib\site-packages\scipy\stats\__init__.pyo
200 File Copy: C:\Python25\Lib\site-packages\scipy\stats\_support.pyo
200 File Copy: C:\Python25\Lib\site-packages\scipy\stats\stats.pyo
200 File Copy: C:\Python25\Lib\site-packages\scipy\stats\setup.pyo
200 File Copy: C:\Python25\Lib\site-packages\scipy\stats\rv.pyo
200 File Copy: C:\Python25\Lib\site-packages\scipy\stats\morestats.pyo
200 File Copy: C:\Python25\Lib\site-packages\scipy\stats\kde.pyo
200 File Copy: C:\Python25\Lib\site-packages\scipy\stats\info.pyo
200 File Copy: C:\Python25\Lib\site-packages\scipy\stats\distributions.pyo
200 File Copy: C:\Python25\Lib\site-packages\scipy\special\tests\test_spfun_stats.pyo
200 File Copy: C:\Python25\Lib\site-packages\scipy\special\tests\test_basic.pyo
200 File Copy: C:\Python25\Lib\site-packages\scipy\special\tests\Test.pyo
200 File Copy: C:\Python25\Lib\site-packages\scipy\special\__init__.pyo
200 File Copy: C:\Python25\Lib\site-packages\scipy\special\spfun_stats.pyo
200 File Copy: C:\Python25\Lib\site-packages\scipy\special\special_version.pyo
200 File Copy: C:\Python25\Lib\site-packages\scipy\special\setup.pyo
200 File Copy: C:\Python25\Lib\site-packages\scipy\special\orthogonal.pyo
200 File Copy: C:\Python25\Lib\site-packages\scipy\special\info.pyo
200 File Copy: C:\Python25\Lib\site-packages\scipy\special\gendoc.pyo
200 File Copy: C:\Python25\Lib\site-packages\scipy\special\basic.pyo
200 File Copy: C:\Python25\Lib\site-packages\scipy\sparse\tests\test_sparse.pyo
200 File Copy: C:\Python25\Lib\site-packages\scipy\sparse\__init__.pyo
200 File Copy: C:\Python25\Lib\site-packages\scipy\sparse\sparsetools.pyo
200 File Copy: C:\Python25\Lib\site-packages\scipy\sparse\sparse.pyo
200 File Copy: C:\Python25\Lib\site-packages\scipy\sparse\setup.pyo
200 File Copy: C:\Python25\Lib\site-packages\scipy\sparse\info.pyo
200 File Copy: C:\Python25\Lib\site-packages\scipy\signal\tests\test_wavelets.pyo
200 File Copy: C:\Python25\Lib\site-packages\scipy\signal\tests\test_signaltools.pyo
200 File Copy: C:\Python25\Lib\site-packages\scipy\signal\__init__.pyo
200 File Copy: C:\Python25\Lib\site-packages\scipy\signal\wavelets.pyo
200 File Copy: C:\Python25\Lib\site-packages\scipy\signal\waveforms.pyo
200 File Copy: C:\Python25\Lib\site-packages\scipy\signal\signaltools.pyo
200 File Copy: C:\Python25\Lib\site-packages\scipy\signal\setup.pyo
200 File Copy: C:\Python25\Lib\site-packages\scipy\signal\ltisys.pyo
200 File Copy: C:\Python25\Lib\site-packages\scipy\signal\info.pyo
200 File Copy: C:\Python25\Lib\site-packages\scipy\signal\filter_design.pyo
200 File Copy: C:\Python25\Lib\site-packages\scipy\signal\bsplines.pyo
200 File Copy: C:\Python25\Lib\site-packages\scipy\sandbox\__init__.pyo
200 File Copy: C:\Python25\Lib\site-packages\scipy\sandbox\setup.pyo
200 File Copy: C:\Python25\Lib\site-packages\scipy\optimize\tests\test_zeros.pyo
200 File Copy: C:\Python25\Lib\site-packages\scipy\optimize\tests\test_optimize.pyo
200 File Copy: C:\Python25\Lib\site-packages\scipy\optimize\tests\test_nonlin.pyo
200 File Copy: C:\Python25\Lib\site-packages\scipy\optimize\tests\test_cobyla.pyo
200 File Copy: C:\Python25\Lib\site-packages\scipy\optimize\__init__.pyo
200 File Copy: C:\Python25\Lib\site-packages\scipy\optimize\zeros.pyo
200 File Copy: C:\Python25\Lib\site-packages\scipy\optimize\tnc.pyo
200 File Copy: C:\Python25\Lib\site-packages\scipy\optimize\setup.pyo
200 File Copy: C:\Python25\Lib\site-packages\scipy\optimize\optimize.pyo
200 File Copy: C:\Python25\Lib\site-packages\scipy\optimize\nonlin.pyo
200 File Copy: C:\Python25\Lib\site-packages\scipy\optimize\minpack.pyo
200 File Copy: C:\Python25\Lib\site-packages\scipy\optimize\linesearch.pyo
200 File Copy: C:\Python25\Lib\site-packages\scipy\optimize\lbfgsb.pyo
200 File Copy: C:\Python25\Lib\site-packages\scipy\optimize\info.pyo
200 File Copy: C:\Python25\Lib\site-packages\scipy\optimize\cobyla.pyo
200 File Copy: C:\Python25\Lib\site-packages\scipy\optimize\anneal.pyo
200 File Copy: C:\Python25\Lib\site-packages\scipy\odr\tests\test_odr.pyo
200 File Copy: C:\Python25\Lib\site-packages\scipy\odr\__init__.pyo
200 File Copy: C:\Python25\Lib\site-packages\scipy\odr\setup.pyo
200 File Copy: C:\Python25\Lib\site-packages\scipy\odr\odrpack.pyo
200 File Copy: C:\Python25\Lib\site-packages\scipy\odr\models.pyo
200 File Copy: C:\Python25\Lib\site-packages\scipy\odr\info.pyo
200 File Copy: C:\Python25\Lib\site-packages\scipy\ndimage\tests\test_ndimage.pyo
200 File Copy: C:\Python25\Lib\site-packages\scipy\ndimage\__init__.pyo
200 File Copy: C:\Python25\Lib\site-packages\scipy\ndimage\_ni_support.pyo
200 File Copy: C:\Python25\Lib\site-packages\scipy\ndimage\setup.pyo
200 File Copy: C:\Python25\Lib\site-packages\scipy\ndimage\morphology.pyo
200 File Copy: C:\Python25\Lib\site-packages\scipy\ndimage\measurements.pyo
200 File Copy: C:\Python25\Lib\site-packages\scipy\ndimage\interpolation.pyo
200 File Copy: C:\Python25\Lib\site-packages\scipy\ndimage\info.pyo
200 File Copy: C:\Python25\Lib\site-packages\scipy\ndimage\fourier.pyo
200 File Copy: C:\Python25\Lib\site-packages\scipy\ndimage\filters.pyo
200 File Copy: C:\Python25\Lib\site-packages\scipy\misc\tests\test_pilutil.pyo
200 File Copy: C:\Python25\Lib\site-packages\scipy\misc\__init__.pyo
200 File Copy: C:\Python25\Lib\site-packages\scipy\misc\setup.pyo
200 File Copy: C:\Python25\Lib\site-packages\scipy\misc\ppimport.pyo
200 File Copy: C:\Python25\Lib\site-packages\scipy\misc\pilutil.pyo
200 File Copy: C:\Python25\Lib\site-packages\scipy\misc\pexec.pyo
200 File Copy: C:\Python25\Lib\site-packages\scipy\misc\limits.pyo
200 File Copy: C:\Python25\Lib\site-packages\scipy\misc\info.pyo
200 File Copy: C:\Python25\Lib\site-packages\scipy\misc\helpmod.pyo
200 File Copy: C:\Python25\Lib\site-packages\scipy\misc\common.pyo
200 File Copy: C:\Python25\Lib\site-packages\scipy\maxentropy\tests\test_maxentropy.pyo
200 File Copy: C:\Python25\Lib\site-packages\scipy\maxentropy\examples\conditionalexample2.pyo
200 File Copy: C:\Python25\Lib\site-packages\scipy\maxentropy\examples\conditionalexample1.pyo
200 File Copy: C:\Python25\Lib\site-packages\scipy\maxentropy\examples\bergerexamplesimulated.pyo
200 File Copy: C:\Python25\Lib\site-packages\scipy\maxentropy\examples\bergerexample.pyo
200 File Copy: C:\Python25\Lib\site-packages\scipy\maxentropy\__init__.pyo
200 File Copy: C:\Python25\Lib\site-packages\scipy\maxentropy\setup.pyo
200 File Copy: C:\Python25\Lib\site-packages\scipy\maxentropy\maxentutils.pyo
200 File Copy: C:\Python25\Lib\site-packages\scipy\maxentropy\maxentropy.pyo
200 File Copy: C:\Python25\Lib\site-packages\scipy\maxentropy\info.pyo
200 File Copy: C:\Python25\Lib\site-packages\scipy\linsolve\umfpack\tests\try_umfpack.pyo
200 File Copy: C:\Python25\Lib\site-packages\scipy\linsolve\umfpack\tests\test_umfpack.pyo
200 File Copy: C:\Python25\Lib\site-packages\scipy\linsolve\umfpack\__init__.pyo
200 File Copy: C:\Python25\Lib\site-packages\scipy\linsolve\umfpack\umfpack.pyo
200 File Copy: C:\Python25\Lib\site-packages\scipy\linsolve\umfpack\setup.pyo
200 File Copy: C:\Python25\Lib\site-packages\scipy\linsolve\umfpack\info.pyo
200 File Copy: C:\Python25\Lib\site-packages\scipy\linsolve\__init__.pyo
200 File Copy: C:\Python25\Lib\site-packages\scipy\linsolve\_superlu.pyo
200 File Copy: C:\Python25\Lib\site-packages\scipy\linsolve\setup.pyo
200 File Copy: C:\Python25\Lib\site-packages\scipy\linsolve\linsolve.pyo
200 File Copy: C:\Python25\Lib\site-packages\scipy\linsolve\info.pyo
200 File Copy: C:\Python25\Lib\site-packages\scipy\linalg\tests\test_matfuncs.pyo
200 File Copy: C:\Python25\Lib\site-packages\scipy\linalg\tests\test_lapack.pyo
200 File Copy: C:\Python25\Lib\site-packages\scipy\linalg\tests\test_iterative.pyo
200 File Copy: C:\Python25\Lib\site-packages\scipy\linalg\tests\test_fblas.pyo
200 File Copy: C:\Python25\Lib\site-packages\scipy\linalg\tests\test_decomp.pyo
200 File Copy: C:\Python25\Lib\site-packages\scipy\linalg\tests\test_blas.pyo
200 File Copy: C:\Python25\Lib\site-packages\scipy\linalg\tests\test_basic.pyo
200 File Copy: C:\Python25\Lib\site-packages\scipy\linalg\tests\test_atlas_version.pyo
200 File Copy: C:\Python25\Lib\site-packages\scipy\linalg\__init__.pyo
200 File Copy: C:\Python25\Lib\site-packages\scipy\linalg\setup_atlas_version.pyo
200 File Copy: C:\Python25\Lib\site-packages\scipy\linalg\setup.pyo
200 File Copy: C:\Python25\Lib\site-packages\scipy\linalg\matfuncs.pyo
200 File Copy: C:\Python25\Lib\site-packages\scipy\linalg\linalg_version.pyo
200 File Copy: C:\Python25\Lib\site-packages\scipy\linalg\lapack.pyo
200 File Copy: C:\Python25\Lib\site-packages\scipy\linalg\iterative.pyo
200 File Copy: C:\Python25\Lib\site-packages\scipy\linalg\interface_gen.pyo
200 File Copy: C:\Python25\Lib\site-packages\scipy\linalg\info.pyo
200 File Copy: C:\Python25\Lib\site-packages\scipy\linalg\flinalg.pyo
200 File Copy: C:\Python25\Lib\site-packages\scipy\linalg\decomp.pyo
200 File Copy: C:\Python25\Lib\site-packages\scipy\linalg\blas.pyo
200 File Copy: C:\Python25\Lib\site-packages\scipy\linalg\basic.pyo
200 File Copy: C:\Python25\Lib\site-packages\scipy\lib\lapack\tests\test_lapack.pyo
200 File Copy: C:\Python25\Lib\site-packages\scipy\lib\lapack\tests\gesv_tests.pyo
200 File Copy: C:\Python25\Lib\site-packages\scipy\lib\lapack\tests\esv_tests.pyo
200 File Copy: C:\Python25\Lib\site-packages\scipy\lib\lapack\__init__.pyo
200 File Copy: C:\Python25\Lib\site-packages\scipy\lib\lapack\setup.pyo
200 File Copy: C:\Python25\Lib\site-packages\scipy\lib\lapack\info.pyo
200 File Copy: C:\Python25\Lib\site-packages\scipy\lib\blas\tests\test_fblas.pyo
200 File Copy: C:\Python25\Lib\site-packages\scipy\lib\blas\tests\test_blas.pyo
200 File Copy: C:\Python25\Lib\site-packages\scipy\lib\blas\__init__.pyo
200 File Copy: C:\Python25\Lib\site-packages\scipy\lib\blas\setup.pyo
200 File Copy: C:\Python25\Lib\site-packages\scipy\lib\blas\info.pyo
200 File Copy: C:\Python25\Lib\site-packages\scipy\lib\__init__.pyo
200 File Copy: C:\Python25\Lib\site-packages\scipy\lib\setup.pyo
200 File Copy: C:\Python25\Lib\site-packages\scipy\lib\info.pyo
200 File Copy: C:\Python25\Lib\site-packages\scipy\io\tests\test_recaster.pyo
200 File Copy: C:\Python25\Lib\site-packages\scipy\io\tests\test_npfile.pyo
200 File Copy: C:\Python25\Lib\site-packages\scipy\io\tests\test_mmio.pyo
200 File Copy: C:\Python25\Lib\site-packages\scipy\io\tests\test_mio.pyo
200 File Copy: C:\Python25\Lib\site-packages\scipy\io\tests\test_array_import.pyo
200 File Copy: C:\Python25\Lib\site-packages\scipy\io\examples\read_array_demo1.pyo
200 File Copy: C:\Python25\Lib\site-packages\scipy\io\__init__.pyo
200 File Copy: C:\Python25\Lib\site-packages\scipy\io\wavfile.pyo
200 File Copy: C:\Python25\Lib\site-packages\scipy\io\setup.pyo
200 File Copy: C:\Python25\Lib\site-packages\scipy\io\recaster.pyo
200 File Copy: C:\Python25\Lib\site-packages\scipy\io\pickler.pyo
200 File Copy: C:\Python25\Lib\site-packages\scipy\io\npfile.pyo
200 File Copy: C:\Python25\Lib\site-packages\scipy\io\netcdf.pyo
200 File Copy: C:\Python25\Lib\site-packages\scipy\io\mmio.pyo
200 File Copy: C:\Python25\Lib\site-packages\scipy\io\miobase.pyo
200 File Copy: C:\Python25\Lib\site-packages\scipy\io\mio5.pyo
200 File Copy: C:\Python25\Lib\site-packages\scipy\io\mio4.pyo
200 File Copy: C:\Python25\Lib\site-packages\scipy\io\mio.pyo
200 File Copy: C:\Python25\Lib\site-packages\scipy\io\info.pyo
200 File Copy: C:\Python25\Lib\site-packages\scipy\io\fopen.pyo
200 File Copy: C:\Python25\Lib\site-packages\scipy\io\dumb_shelve.pyo
200 File Copy: C:\Python25\Lib\site-packages\scipy\io\dumbdbm_patched.pyo
200 File Copy: C:\Python25\Lib\site-packages\scipy\io\data_store.pyo
200 File Copy: C:\Python25\Lib\site-packages\scipy\io\array_import.pyo
200 File Copy: C:\Python25\Lib\site-packages\scipy\interpolate\tests\test_interpolate.pyo
200 File Copy: C:\Python25\Lib\site-packages\scipy\interpolate\tests\test_fitpack.pyo
200 File Copy: C:\Python25\Lib\site-packages\scipy\interpolate\tests\demos_xplt.pyo
200 File Copy: C:\Python25\Lib\site-packages\scipy\interpolate\__init__.pyo
200 File Copy: C:\Python25\Lib\site-packages\scipy\interpolate\setup.pyo
200 File Copy: C:\Python25\Lib\site-packages\scipy\interpolate\interpolate.pyo
200 File Copy: C:\Python25\Lib\site-packages\scipy\interpolate\info.pyo
200 File Copy: C:\Python25\Lib\site-packages\scipy\interpolate\fitpack2.pyo
200 File Copy: C:\Python25\Lib\site-packages\scipy\interpolate\fitpack.pyo
200 File Copy: C:\Python25\Lib\site-packages\scipy\integrate\tests\test_quadrature.pyo
200 File Copy: C:\Python25\Lib\site-packages\scipy\integrate\tests\test_quadpack.pyo
200 File Copy: C:\Python25\Lib\site-packages\scipy\integrate\tests\test_integrate.pyo
200 File Copy: C:\Python25\Lib\site-packages\scipy\integrate\__init__.pyo
200 File Copy: C:\Python25\Lib\site-packages\scipy\integrate\setup.pyo
200 File Copy: C:\Python25\Lib\site-packages\scipy\integrate\quadrature.pyo
200 File Copy: C:\Python25\Lib\site-packages\scipy\integrate\quadpack.pyo
200 File Copy: C:\Python25\Lib\site-packages\scipy\integrate\odepack.pyo
200 File Copy: C:\Python25\Lib\site-packages\scipy\integrate\ode.pyo
200 File Copy: C:\Python25\Lib\site-packages\scipy\integrate\info.pyo
200 File Copy: C:\Python25\Lib\site-packages\scipy\fftpack\tests\test_pseudo_diffs.pyo
200 File Copy: C:\Python25\Lib\site-packages\scipy\fftpack\tests\test_helper.pyo
200 File Copy: C:\Python25\Lib\site-packages\scipy\fftpack\tests\test_basic.pyo
200 File Copy: C:\Python25\Lib\site-packages\scipy\fftpack\__init__.pyo
200 File Copy: C:\Python25\Lib\site-packages\scipy\fftpack\setup.pyo
200 File Copy: C:\Python25\Lib\site-packages\scipy\fftpack\pseudo_diffs.pyo
200 File Copy: C:\Python25\Lib\site-packages\scipy\fftpack\info.pyo
200 File Copy: C:\Python25\Lib\site-packages\scipy\fftpack\helper.pyo
200 File Copy: C:\Python25\Lib\site-packages\scipy\fftpack\fftpack_version.pyo
200 File Copy: C:\Python25\Lib\site-packages\scipy\fftpack\basic.pyo
200 File Copy: C:\Python25\Lib\site-packages\scipy\cluster\tests\vq_test.pyo
200 File Copy: C:\Python25\Lib\site-packages\scipy\cluster\tests\test_vq.pyo
200 File Copy: C:\Python25\Lib\site-packages\scipy\cluster\__init__.pyo
200 File Copy: C:\Python25\Lib\site-packages\scipy\cluster\vq.pyo
200 File Copy: C:\Python25\Lib\site-packages\scipy\cluster\setup.pyo
200 File Copy: C:\Python25\Lib\site-packages\scipy\cluster\info.pyo
200 File Copy: C:\Python25\Lib\site-packages\scipy\__svn_version__.pyo
200 File Copy: C:\Python25\Lib\site-packages\scipy\__init__.pyo
200 File Copy: C:\Python25\Lib\site-packages\scipy\__config__.pyo
200 File Copy: C:\Python25\Lib\site-packages\scipy\version.pyo
200 File Copy: C:\Python25\Lib\site-packages\scipy\setup.pyo
